{
  "stats": {
    "suites": 12,
    "tests": 41,
    "passes": 21,
    "pending": 0,
    "failures": 20,
    "start": "2021-12-09T23:35:26.722Z",
    "end": "2021-12-09T23:37:12.271Z",
    "duration": 105549,
    "testsRegistered": 41,
    "passPercent": 51.21951219512195,
    "pendingPercent": 0,
    "other": 0,
    "hasOther": false,
    "skipped": 0,
    "hasSkipped": false
  },
  "results": [
    {
      "uuid": "20a53cc9-092c-451d-8189-fb9ff4b67164",
      "title": "",
      "fullFile": "cypress/integration/project.spec.js",
      "file": "cypress/integration/project.spec.js",
      "beforeHooks": [],
      "afterHooks": [],
      "tests": [],
      "suites": [
        {
          "uuid": "c604db56-d09d-457a-a3dc-916f72cb4fb0",
          "title": "1 - Adicione à página o título \"Paleta de Cores\".",
          "fullFile": "",
          "file": "",
          "beforeHooks": [],
          "afterHooks": [],
          "tests": [
            {
              "title": "Verifica se contém um elemento `h1` com o id `title` com o título correto",
              "fullTitle": "1 - Adicione à página o título \"Paleta de Cores\". Verifica se contém um elemento `h1` com o id `title` com o título correto",
              "timedOut": null,
              "duration": 375,
              "state": "passed",
              "speed": "slow",
              "pass": true,
              "fail": false,
              "pending": false,
              "context": null,
              "code": "cy.get('h1#title').should('contain.text', 'Paleta de Cores');",
              "err": {},
              "uuid": "6425b0a3-d63d-43a3-a3fb-88fea63d8f3c",
              "parentUUID": "c604db56-d09d-457a-a3dc-916f72cb4fb0",
              "isHook": false,
              "skipped": false
            }
          ],
          "suites": [],
          "passes": [
            "6425b0a3-d63d-43a3-a3fb-88fea63d8f3c"
          ],
          "failures": [],
          "pending": [],
          "skipped": [],
          "duration": 375,
          "root": false,
          "rootEmpty": false,
          "_timeout": 2000
        },
        {
          "uuid": "d6291f24-d095-43db-bc45-28914acf4105",
          "title": "2 - Adicione à página uma paleta de quatro cores distintas.",
          "fullFile": "",
          "file": "",
          "beforeHooks": [],
          "afterHooks": [],
          "tests": [
            {
              "title": "A paleta de cores deve ser um elemento com `id` denominado `color-palette`",
              "fullTitle": "2 - Adicione à página uma paleta de quatro cores distintas. A paleta de cores deve ser um elemento com `id` denominado `color-palette`",
              "timedOut": null,
              "duration": 432,
              "state": "passed",
              "speed": "slow",
              "pass": true,
              "fail": false,
              "pending": false,
              "context": null,
              "code": "cy.get('#color-palette').should('be.visible');\ncy.get('#color-palette').children('.color');",
              "err": {},
              "uuid": "966b4072-c455-4c8b-a7f2-409b556fad31",
              "parentUUID": "d6291f24-d095-43db-bc45-28914acf4105",
              "isHook": false,
              "skipped": false
            },
            {
              "title": "Verifica se cada cor individual da paleta de cores possui a `classe` chamada `color`.",
              "fullTitle": "2 - Adicione à página uma paleta de quatro cores distintas. Verifica se cada cor individual da paleta de cores possui a `classe` chamada `color`.",
              "timedOut": null,
              "duration": 293,
              "state": "passed",
              "speed": "slow",
              "pass": true,
              "fail": false,
              "pending": false,
              "context": null,
              "code": "cy.get('.color').should('have.length', 4).then(function (colors) {\n  for (var i = 0; i < colors.length; i++) {\n    cy.wrap(colors[i]).should('be.visible');\n  }\n});",
              "err": {},
              "uuid": "f80302cc-d889-4ce8-8314-b0b0f21a02f6",
              "parentUUID": "d6291f24-d095-43db-bc45-28914acf4105",
              "isHook": false,
              "skipped": false
            },
            {
              "title": "Verifica se a cor de fundo de cada elemento da paleta é a cor que o elemento representa. **A única cor não permitida na paleta é a cor branca.**",
              "fullTitle": "2 - Adicione à página uma paleta de quatro cores distintas. Verifica se a cor de fundo de cada elemento da paleta é a cor que o elemento representa. **A única cor não permitida na paleta é a cor branca.**",
              "timedOut": null,
              "duration": 261,
              "state": "passed",
              "speed": "slow",
              "pass": true,
              "fail": false,
              "pending": false,
              "context": null,
              "code": "cy.get('.color').each(function (color) {\n  cy.wrap(color).should('have.class', 'color').and('not.have.css', 'background-color', WHITE);\n  cy.wrap(color).should('have.css', 'background-color');\n});",
              "err": {},
              "uuid": "5086ad6e-0744-4209-a7c6-c0cd5a2419d5",
              "parentUUID": "d6291f24-d095-43db-bc45-28914acf4105",
              "isHook": false,
              "skipped": false
            },
            {
              "title": "Verifica se cada elemento da paleta de cores tem uma borda preta, sólida e com 1 pixel de largura;",
              "fullTitle": "2 - Adicione à página uma paleta de quatro cores distintas. Verifica se cada elemento da paleta de cores tem uma borda preta, sólida e com 1 pixel de largura;",
              "timedOut": null,
              "duration": 206,
              "state": "passed",
              "speed": "slow",
              "pass": true,
              "fail": false,
              "pending": false,
              "context": null,
              "code": "cy.get('.color').each(function (color) {\n  cy.wrap(color).and('have.css', 'border', \"1px solid \".concat(BLACK)).and('have.class', 'color');\n});",
              "err": {},
              "uuid": "e53b69d6-e0a4-48d6-a8a7-f9791efda8e5",
              "parentUUID": "d6291f24-d095-43db-bc45-28914acf4105",
              "isHook": false,
              "skipped": false
            },
            {
              "title": "Verifica se a paleta lista todas as cores disponíveis para utilização, lado a lado.",
              "fullTitle": "2 - Adicione à página uma paleta de quatro cores distintas. Verifica se a paleta lista todas as cores disponíveis para utilização, lado a lado.",
              "timedOut": null,
              "duration": 222,
              "state": "passed",
              "speed": "slow",
              "pass": true,
              "fail": false,
              "pending": false,
              "context": null,
              "code": "cy.get('.color').then(function (colors) {\n  for (var index = 1; index < colors.length; index += 1) {\n    var currentColor = colors[index];\n    var previousColor = colors[index - 1];\n    cy.wrap(currentColor).should('be.onTheRightOf', previousColor).and('be.horizontallyAlignedWith', previousColor);\n  }\n});",
              "err": {},
              "uuid": "5ac2a30b-04ff-4b78-b433-638253977caa",
              "parentUUID": "d6291f24-d095-43db-bc45-28914acf4105",
              "isHook": false,
              "skipped": false
            },
            {
              "title": "Verifica se a paleta de cores está posicionada abaixo do título 'Paleta de Cores'",
              "fullTitle": "2 - Adicione à página uma paleta de quatro cores distintas. Verifica se a paleta de cores está posicionada abaixo do título 'Paleta de Cores'",
              "timedOut": null,
              "duration": 153,
              "state": "passed",
              "speed": "slow",
              "pass": true,
              "fail": false,
              "pending": false,
              "context": null,
              "code": "cy.get('h1#title').then(function (title) {\n  cy.get('#color-palette').should('be.belowOf', title);\n});",
              "err": {},
              "uuid": "15ed14dc-27a2-4ed3-aef9-69966dc2a82d",
              "parentUUID": "d6291f24-d095-43db-bc45-28914acf4105",
              "isHook": false,
              "skipped": false
            },
            {
              "title": "Verifica se a paleta de cores não contém cores repetidas.",
              "fullTitle": "2 - Adicione à página uma paleta de quatro cores distintas. Verifica se a paleta de cores não contém cores repetidas.",
              "timedOut": null,
              "duration": 278,
              "state": "passed",
              "speed": "slow",
              "pass": true,
              "fail": false,
              "pending": false,
              "context": null,
              "code": "cy.get('.color').then(function (colors) {\n  var allColors = Array.from(colors).map(function (color) {\n    return Cypress.$(color).css('background-color');\n  });\n  cy.log(allColors);\n  var uniqColors = (0, _toConsumableArray2[\"default\"])(new Set(allColors));\n  cy.log(uniqColors);\n  expect(allColors.length).to.eq(uniqColors.length);\n});",
              "err": {},
              "uuid": "db8492e9-4435-4c0c-b393-229d64571927",
              "parentUUID": "d6291f24-d095-43db-bc45-28914acf4105",
              "isHook": false,
              "skipped": false
            }
          ],
          "suites": [],
          "passes": [
            "966b4072-c455-4c8b-a7f2-409b556fad31",
            "f80302cc-d889-4ce8-8314-b0b0f21a02f6",
            "5086ad6e-0744-4209-a7c6-c0cd5a2419d5",
            "e53b69d6-e0a4-48d6-a8a7-f9791efda8e5",
            "5ac2a30b-04ff-4b78-b433-638253977caa",
            "15ed14dc-27a2-4ed3-aef9-69966dc2a82d",
            "db8492e9-4435-4c0c-b393-229d64571927"
          ],
          "failures": [],
          "pending": [],
          "skipped": [],
          "duration": 1845,
          "root": false,
          "rootEmpty": false,
          "_timeout": 2000
        },
        {
          "uuid": "c70da60a-e0b3-4840-a5a1-4170d36a1450",
          "title": "3 - Adicione a cor **preta** como a primeira cor da paleta de cores.",
          "fullFile": "",
          "file": "",
          "beforeHooks": [],
          "afterHooks": [],
          "tests": [
            {
              "title": "Verifica se a primeira cor da paleta é preta",
              "fullTitle": "3 - Adicione a cor **preta** como a primeira cor da paleta de cores. Verifica se a primeira cor da paleta é preta",
              "timedOut": null,
              "duration": 144,
              "state": "passed",
              "speed": "slow",
              "pass": true,
              "fail": false,
              "pending": false,
              "context": null,
              "code": "cy.get('.color').first().should('have.css', 'background-color', BLACK);",
              "err": {},
              "uuid": "d40ee77f-850c-479f-a06f-008d02c67a07",
              "parentUUID": "c70da60a-e0b3-4840-a5a1-4170d36a1450",
              "isHook": false,
              "skipped": false
            },
            {
              "title": "Verifica se as demais cores podem ser escolhidas livremente.",
              "fullTitle": "3 - Adicione a cor **preta** como a primeira cor da paleta de cores. Verifica se as demais cores podem ser escolhidas livremente.",
              "timedOut": null,
              "duration": 301,
              "state": "passed",
              "speed": "slow",
              "pass": true,
              "fail": false,
              "pending": false,
              "context": null,
              "code": "cy.get('.color').eq(1).should('not.have.css', 'background-color', BLACK);\ncy.get('.color').eq(1).should('not.have.css', 'background-color', WHITE);\ncy.get('.color').eq(1).should('not.have.css', 'background-color', 'rgba(0, 0, 0, 0)');\ncy.get('.color').eq(1).should('have.css', 'background-color');\ncy.get('.color').eq(2).should('not.have.css', 'background-color', BLACK);\ncy.get('.color').eq(2).should('not.have.css', 'background-color', WHITE);\ncy.get('.color').eq(2).should('not.have.css', 'background-color', 'rgba(0, 0, 0, 0)');\ncy.get('.color').eq(2).should('have.css', 'background-color');\ncy.get('.color').eq(3).should('not.have.css', 'background-color', BLACK);\ncy.get('.color').eq(3).should('not.have.css', 'background-color', WHITE);\ncy.get('.color').eq(3).should('not.have.css', 'background-color', 'rgba(0, 0, 0, 0)');\ncy.get('.color').eq(3).should('have.css', 'background-color');",
              "err": {},
              "uuid": "b7fee0ff-4c49-420c-b5f9-685b107959fc",
              "parentUUID": "c70da60a-e0b3-4840-a5a1-4170d36a1450",
              "isHook": false,
              "skipped": false
            }
          ],
          "suites": [],
          "passes": [
            "d40ee77f-850c-479f-a06f-008d02c67a07",
            "b7fee0ff-4c49-420c-b5f9-685b107959fc"
          ],
          "failures": [],
          "pending": [],
          "skipped": [],
          "duration": 445,
          "root": false,
          "rootEmpty": false,
          "_timeout": 2000
        },
        {
          "uuid": "dc6be0ab-b89b-44c7-9cf8-37d28f40faba",
          "title": "4 - Adicione à página um quadro de pixels, com 25 pixels.",
          "fullFile": "",
          "file": "",
          "beforeHooks": [],
          "afterHooks": [],
          "tests": [
            {
              "title": "Verifica se o quadro de pixels possui o `id` denominado `pixel-board`",
              "fullTitle": "4 - Adicione à página um quadro de pixels, com 25 pixels. Verifica se o quadro de pixels possui o `id` denominado `pixel-board`",
              "timedOut": null,
              "duration": 147,
              "state": "passed",
              "speed": "slow",
              "pass": true,
              "fail": false,
              "pending": false,
              "context": null,
              "code": "cy.get('#pixel-board').should('be.visible');",
              "err": {},
              "uuid": "5d6f1180-cb61-442c-946a-765d84b2a006",
              "parentUUID": "dc6be0ab-b89b-44c7-9cf8-37d28f40faba",
              "isHook": false,
              "skipped": false
            },
            {
              "title": "Verifica se cada pixel individual dentro do quadro possui a `classe` denominada `pixel`.",
              "fullTitle": "4 - Adicione à página um quadro de pixels, com 25 pixels. Verifica se cada pixel individual dentro do quadro possui a `classe` denominada `pixel`.",
              "timedOut": null,
              "duration": 180,
              "state": "passed",
              "speed": "slow",
              "pass": true,
              "fail": false,
              "pending": false,
              "context": null,
              "code": "cy.get('.pixel').should('have.length', 25);",
              "err": {},
              "uuid": "f279653c-a14d-4bae-907b-5fda84821467",
              "parentUUID": "dc6be0ab-b89b-44c7-9cf8-37d28f40faba",
              "isHook": false,
              "skipped": false
            },
            {
              "title": "Verifica se a cor inicial dos pixels dentro do quadro, ao abrir a página, é branca.",
              "fullTitle": "4 - Adicione à página um quadro de pixels, com 25 pixels. Verifica se a cor inicial dos pixels dentro do quadro, ao abrir a página, é branca.",
              "timedOut": null,
              "duration": 274,
              "state": "passed",
              "speed": "slow",
              "pass": true,
              "fail": false,
              "pending": false,
              "context": null,
              "code": "cy.get('.pixel').should('have.length', 25).each(function (pixel) {\n  expect(pixel).to.have.css('background-color', WHITE);\n});",
              "err": {},
              "uuid": "ea479ad6-ce8e-4b7b-b4f9-bfbd21236b90",
              "parentUUID": "dc6be0ab-b89b-44c7-9cf8-37d28f40faba",
              "isHook": false,
              "skipped": false
            },
            {
              "title": "Verifica se o quadro de pixels aparece abaixo da paleta de cores",
              "fullTitle": "4 - Adicione à página um quadro de pixels, com 25 pixels. Verifica se o quadro de pixels aparece abaixo da paleta de cores",
              "timedOut": null,
              "duration": 341,
              "state": "passed",
              "speed": "slow",
              "pass": true,
              "fail": false,
              "pending": false,
              "context": null,
              "code": "cy.get('#color-palette').then(function (palette) {\n  cy.get('#pixel-board').should('be.belowOf', palette);\n});",
              "err": {},
              "uuid": "88ae9916-c68b-45a4-82d2-012082a6cf15",
              "parentUUID": "dc6be0ab-b89b-44c7-9cf8-37d28f40faba",
              "isHook": false,
              "skipped": false
            }
          ],
          "suites": [],
          "passes": [
            "5d6f1180-cb61-442c-946a-765d84b2a006",
            "f279653c-a14d-4bae-907b-5fda84821467",
            "ea479ad6-ce8e-4b7b-b4f9-bfbd21236b90",
            "88ae9916-c68b-45a4-82d2-012082a6cf15"
          ],
          "failures": [],
          "pending": [],
          "skipped": [],
          "duration": 942,
          "root": false,
          "rootEmpty": false,
          "_timeout": 2000
        },
        {
          "uuid": "88d34ec3-4bc4-4254-9fc7-4865c2689289",
          "title": "5 - Faça com que cada elemento do quadro de pixels possua 40 pixels de largura, 40 pixels de altura e seja delimitado por uma borda preta de 1 pixel.",
          "fullFile": "",
          "file": "",
          "beforeHooks": [],
          "afterHooks": [],
          "tests": [
            {
              "title": "Verifica se o quadro de pixels tem altura e comprimento de 5 elementos",
              "fullTitle": "5 - Faça com que cada elemento do quadro de pixels possua 40 pixels de largura, 40 pixels de altura e seja delimitado por uma borda preta de 1 pixel. Verifica se o quadro de pixels tem altura e comprimento de 5 elementos",
              "timedOut": null,
              "duration": 424,
              "state": "passed",
              "speed": "slow",
              "pass": true,
              "fail": false,
              "pending": false,
              "context": null,
              "code": "cy.get('.pixel').should('have.length', 25).each(function (pixel) {\n  expect(pixel).to.have.css('background-color', WHITE);\n}).and(function (pixels) {\n  var rows = chunk(pixels, 5);\n  rows.forEach(function (row) {\n    for (var index = 1; index < row.length; index += 1) {\n      var current = pixels[index];\n      var previous = pixels[index - 1];\n      cy.wrap(current).should('be.onTheRightOf', previous).and('be.horizontallyAlignedWith', previous);\n    }\n  });\n  for (var index = 1; index < 5; index += 1) {\n    expect(pixels[index * 5]).to.be.belowOf(pixels[(index - 1) * 5]);\n  }\n});",
              "err": {},
              "uuid": "38ecbfce-1e35-4ae0-9f8d-3d05779bf6b4",
              "parentUUID": "88d34ec3-4bc4-4254-9fc7-4865c2689289",
              "isHook": false,
              "skipped": false
            },
            {
              "title": "Verifica se 40 pixels é o tamanho total do elemento, incluindo seu conteúdo e excluindo a borda preta, que deve ser criada à parte.",
              "fullTitle": "5 - Faça com que cada elemento do quadro de pixels possua 40 pixels de largura, 40 pixels de altura e seja delimitado por uma borda preta de 1 pixel. Verifica se 40 pixels é o tamanho total do elemento, incluindo seu conteúdo e excluindo a borda preta, que deve ser criada à parte.",
              "timedOut": null,
              "duration": 489,
              "state": "passed",
              "speed": "slow",
              "pass": true,
              "fail": false,
              "pending": false,
              "context": null,
              "code": "cy.get('.pixel').each(function (pixel) {\n  cy.wrap(pixel).should('have.css', 'height', '40px').and('have.css', 'width', '40px').and('have.css', 'border', \"1px solid \".concat(BLACK));\n});",
              "err": {},
              "uuid": "ad29893e-28e1-46a9-a3f8-d1c9f938f127",
              "parentUUID": "88d34ec3-4bc4-4254-9fc7-4865c2689289",
              "isHook": false,
              "skipped": false
            }
          ],
          "suites": [],
          "passes": [
            "38ecbfce-1e35-4ae0-9f8d-3d05779bf6b4",
            "ad29893e-28e1-46a9-a3f8-d1c9f938f127"
          ],
          "failures": [],
          "pending": [],
          "skipped": [],
          "duration": 913,
          "root": false,
          "rootEmpty": false,
          "_timeout": 2000
        },
        {
          "uuid": "b88e70c5-9de8-49b5-b228-c846ae50a714",
          "title": "6 - Defina a cor preta como cor inicial. Ao carregar a página a cor preta já deve estar selecionada para pintar os pixels",
          "fullFile": "",
          "file": "",
          "beforeHooks": [],
          "afterHooks": [],
          "tests": [
            {
              "title": "Verifica se o elemento da cor preta possui, inicialmente, a `classe` `selected`",
              "fullTitle": "6 - Defina a cor preta como cor inicial. Ao carregar a página a cor preta já deve estar selecionada para pintar os pixels Verifica se o elemento da cor preta possui, inicialmente, a `classe` `selected`",
              "timedOut": null,
              "duration": 160,
              "state": "passed",
              "speed": "slow",
              "pass": true,
              "fail": false,
              "pending": false,
              "context": null,
              "code": "cy.get('.selected').first().should('have.css', 'background-color', BLACK);",
              "err": {},
              "uuid": "af6a808d-24fb-4ee1-8ba0-901df1b42fd3",
              "parentUUID": "b88e70c5-9de8-49b5-b228-c846ae50a714",
              "isHook": false,
              "skipped": false
            },
            {
              "title": "Verifica se nenhuma outra cor da paleta tem a `classe` `selected`",
              "fullTitle": "6 - Defina a cor preta como cor inicial. Ao carregar a página a cor preta já deve estar selecionada para pintar os pixels Verifica se nenhuma outra cor da paleta tem a `classe` `selected`",
              "timedOut": null,
              "duration": 178,
              "state": "passed",
              "speed": "slow",
              "pass": true,
              "fail": false,
              "pending": false,
              "context": null,
              "code": "cy.get('.color:not(:first-child)').each(function (color) {\n  cy.wrap(color).should('not.have.class', 'selected');\n});",
              "err": {},
              "uuid": "bebd0381-3c88-46e0-a759-21cbb6e47a30",
              "parentUUID": "b88e70c5-9de8-49b5-b228-c846ae50a714",
              "isHook": false,
              "skipped": false
            }
          ],
          "suites": [],
          "passes": [
            "af6a808d-24fb-4ee1-8ba0-901df1b42fd3",
            "bebd0381-3c88-46e0-a759-21cbb6e47a30"
          ],
          "failures": [],
          "pending": [],
          "skipped": [],
          "duration": 338,
          "root": false,
          "rootEmpty": false,
          "_timeout": 2000
        },
        {
          "uuid": "c083ba21-8a69-4025-866a-19c079818ac4",
          "title": "7 - Clicar em uma das cores da paleta, faz com que ela seja selecionada e utilizada para preencher os pixels no quadro.",
          "fullFile": "",
          "file": "",
          "beforeHooks": [],
          "afterHooks": [],
          "tests": [
            {
              "title": "Verifica se somente uma cor da paleta de cores tem a classe `selected` de cada vez",
              "fullTitle": "7 - Clicar em uma das cores da paleta, faz com que ela seja selecionada e utilizada para preencher os pixels no quadro. Verifica se somente uma cor da paleta de cores tem a classe `selected` de cada vez",
              "timedOut": null,
              "duration": 514,
              "state": "passed",
              "speed": "slow",
              "pass": true,
              "fail": false,
              "pending": false,
              "context": null,
              "code": "cy.get('.color').each(function (selectedColor, selectedColorIndex) {\n  cy.wrap(selectedColor).click();\n  cy.get('.color').each(function (color, colorIndex) {\n    if (colorIndex === selectedColorIndex) {\n      expect(color).to.have[\"class\"]('selected');\n    } else {\n      expect(color).not.to.have[\"class\"]('selected');\n    }\n  });\n});",
              "err": {},
              "uuid": "9c6c9422-30ee-4b24-8835-da3c0204bd1e",
              "parentUUID": "c083ba21-8a69-4025-866a-19c079818ac4",
              "isHook": false,
              "skipped": false
            },
            {
              "title": "Verifica se os pixels dentro do quadro não têm a classe `selected` quando são clicados",
              "fullTitle": "7 - Clicar em uma das cores da paleta, faz com que ela seja selecionada e utilizada para preencher os pixels no quadro. Verifica se os pixels dentro do quadro não têm a classe `selected` quando são clicados",
              "timedOut": null,
              "duration": 9593,
              "state": "passed",
              "speed": "slow",
              "pass": true,
              "fail": false,
              "pending": false,
              "context": null,
              "code": "cy.get('.color').each(function (color) {\n  var backgroundColor = color.css('background-color');\n  cy.wrap(color).click();\n  cy.get('.pixel').each(function (pixel) {\n    cy.wrap(pixel).click().should('not.have.class', 'selected');\n  });\n});",
              "err": {},
              "uuid": "324214fd-e3ae-490e-a513-1db0af029091",
              "parentUUID": "c083ba21-8a69-4025-866a-19c079818ac4",
              "isHook": false,
              "skipped": false
            }
          ],
          "suites": [],
          "passes": [
            "9c6c9422-30ee-4b24-8835-da3c0204bd1e",
            "324214fd-e3ae-490e-a513-1db0af029091"
          ],
          "failures": [],
          "pending": [],
          "skipped": [],
          "duration": 10107,
          "root": false,
          "rootEmpty": false,
          "_timeout": 2000
        },
        {
          "uuid": "2cb3ccbc-7cdf-4214-bcee-973fa8d71f33",
          "title": "8 - Clicar em um pixel dentro do quadro após selecionar uma cor na paleta, faz com que o pixel seja preenchido com a cor selecionada.",
          "fullFile": "",
          "file": "",
          "beforeHooks": [],
          "afterHooks": [],
          "tests": [
            {
              "title": "Verifica se ao carregar a página deve ser possível pintar os pixels de preto",
              "fullTitle": "8 - Clicar em um pixel dentro do quadro após selecionar uma cor na paleta, faz com que o pixel seja preenchido com a cor selecionada. Verifica se ao carregar a página deve ser possível pintar os pixels de preto",
              "timedOut": null,
              "duration": 4634,
              "state": "failed",
              "speed": null,
              "pass": false,
              "fail": true,
              "pending": false,
              "context": null,
              "code": "cy.get('.pixel').each(function (pixel) {\n  cy.wrap(pixel).click().should('have.css', 'background-color', BLACK);\n});",
              "err": {
                "message": "CypressError: Timed out retrying: expected '<div.pixel>' to have CSS property 'background-color' with the value 'rgb(0, 0, 0)', but the value was 'rgb(255, 255, 255)'",
                "estack": "CypressError: Timed out retrying: expected '<div.pixel>' to have CSS property 'background-color' with the value 'rgb(0, 0, 0)', but the value was 'rgb(255, 255, 255)'\n    at cypressErr (http://localhost:35965/__cypress/runner/cypress_runner.js:149934:9)\n    at throwErr (http://localhost:35965/__cypress/runner/cypress_runner.js:149867:11)\n    at Object.throwErrByPath (http://localhost:35965/__cypress/runner/cypress_runner.js:149915:3)\n    at retry (http://localhost:35965/__cypress/runner/cypress_runner.js:144197:19)\n    at onFailFn (http://localhost:35965/__cypress/runner/cypress_runner.js:132448:16)\n    at tryCatcher (http://localhost:35965/__cypress/runner/cypress_runner.js:167415:23)\n    at Promise._settlePromiseFromHandler (http://localhost:35965/__cypress/runner/cypress_runner.js:165351:31)\n    at Promise._settlePromise (http://localhost:35965/__cypress/runner/cypress_runner.js:165408:18)\n    at Promise._settlePromise0 (http://localhost:35965/__cypress/runner/cypress_runner.js:165453:10)\n    at Promise._settlePromises (http://localhost:35965/__cypress/runner/cypress_runner.js:165528:18)\n    at Async../node_modules/bluebird/js/release/async.js.Async._drainQueue (http://localhost:35965/__cypress/runner/cypress_runner.js:162140:16)\n    at Async../node_modules/bluebird/js/release/async.js.Async._drainQueues (http://localhost:35965/__cypress/runner/cypress_runner.js:162150:10)\n    at Async.drainQueues (http://localhost:35965/__cypress/runner/cypress_runner.js:162024:14)",
                "diff": null
              },
              "uuid": "3a3057ee-2610-4740-abbc-6f076d9bbbec",
              "parentUUID": "2cb3ccbc-7cdf-4214-bcee-973fa8d71f33",
              "isHook": false,
              "skipped": false
            },
            {
              "title": "Verifica se após selecionar uma outra cor na paleta, é possível pintar os pixels com essa cor",
              "fullTitle": "8 - Clicar em um pixel dentro do quadro após selecionar uma cor na paleta, faz com que o pixel seja preenchido com a cor selecionada. Verifica se após selecionar uma outra cor na paleta, é possível pintar os pixels com essa cor",
              "timedOut": null,
              "duration": 5431,
              "state": "failed",
              "speed": null,
              "pass": false,
              "fail": true,
              "pending": false,
              "context": null,
              "code": "cy.get('.color').each(function (color) {\n  var backgroundColor = color.css('background-color');\n  cy.wrap(color).click();\n  cy.get('.pixel').each(function (pixel) {\n    cy.wrap(pixel).click().should('have.css', 'background-color', backgroundColor);\n  });\n});",
              "err": {
                "message": "CypressError: Timed out retrying: expected '<div.pixel>' to have CSS property 'background-color' with the value 'rgb(0, 0, 0)', but the value was 'rgb(255, 255, 255)'",
                "estack": "CypressError: Timed out retrying: expected '<div.pixel>' to have CSS property 'background-color' with the value 'rgb(0, 0, 0)', but the value was 'rgb(255, 255, 255)'\n    at cypressErr (http://localhost:35965/__cypress/runner/cypress_runner.js:149934:9)\n    at throwErr (http://localhost:35965/__cypress/runner/cypress_runner.js:149867:11)\n    at Object.throwErrByPath (http://localhost:35965/__cypress/runner/cypress_runner.js:149915:3)\n    at retry (http://localhost:35965/__cypress/runner/cypress_runner.js:144197:19)\n    at onFailFn (http://localhost:35965/__cypress/runner/cypress_runner.js:132448:16)\n    at tryCatcher (http://localhost:35965/__cypress/runner/cypress_runner.js:167415:23)\n    at Promise._settlePromiseFromHandler (http://localhost:35965/__cypress/runner/cypress_runner.js:165351:31)\n    at Promise._settlePromise (http://localhost:35965/__cypress/runner/cypress_runner.js:165408:18)\n    at Promise._settlePromise0 (http://localhost:35965/__cypress/runner/cypress_runner.js:165453:10)\n    at Promise._settlePromises (http://localhost:35965/__cypress/runner/cypress_runner.js:165528:18)\n    at Async../node_modules/bluebird/js/release/async.js.Async._drainQueue (http://localhost:35965/__cypress/runner/cypress_runner.js:162140:16)\n    at Async../node_modules/bluebird/js/release/async.js.Async._drainQueues (http://localhost:35965/__cypress/runner/cypress_runner.js:162150:10)\n    at Async.drainQueues (http://localhost:35965/__cypress/runner/cypress_runner.js:162024:14)",
                "diff": null
              },
              "uuid": "d2272448-7409-41a9-9581-2f333b0579ea",
              "parentUUID": "2cb3ccbc-7cdf-4214-bcee-973fa8d71f33",
              "isHook": false,
              "skipped": false
            },
            {
              "title": "Verifica se somente o pixel que foi clicado foi preenchido com a cor selecionada, sem influenciar na cor dos demais pixels.",
              "fullTitle": "8 - Clicar em um pixel dentro do quadro após selecionar uma cor na paleta, faz com que o pixel seja preenchido com a cor selecionada. Verifica se somente o pixel que foi clicado foi preenchido com a cor selecionada, sem influenciar na cor dos demais pixels.",
              "timedOut": null,
              "duration": 2018,
              "state": "passed",
              "speed": "slow",
              "pass": true,
              "fail": false,
              "pending": false,
              "context": null,
              "code": "var colorToPixelIndexMap = {\n  0: 6,\n  1: 8,\n  2: 16,\n  3: 18\n};\ncy.get('.color').each(function (color, index) {\n  cy.wrap(color).click();\n  var backgroundColor = color.css('background-color');\n  var clickedPixelIndex = colorToPixelIndexMap[index];\n  cy.get('.pixel').eq(clickedPixelIndex).click();\n  cy.get('.pixel').eq(clickedPixelIndex - 1).should('not.have.css', 'background-color', backgroundColor);\n  cy.get('.pixel').eq(clickedPixelIndex + 1).should('not.have.css', 'background-color', backgroundColor);\n  cy.get('.pixel').eq(clickedPixelIndex - 5).should('not.have.css', 'background-color', backgroundColor);\n  cy.get('.pixel').eq(clickedPixelIndex + 5).should('not.have.css', 'background-color', backgroundColor);\n  cy.get('.pixel').eq(clickedPixelIndex - 6).should('not.have.css', 'background-color', backgroundColor);\n  cy.get('.pixel').eq(clickedPixelIndex - 4).should('not.have.css', 'background-color', backgroundColor);\n  cy.get('.pixel').eq(clickedPixelIndex + 4).should('not.have.css', 'background-color', backgroundColor);\n  cy.get('.pixel').eq(clickedPixelIndex + 6).should('not.have.css', 'background-color', backgroundColor);\n});",
              "err": {},
              "uuid": "69f9b2bb-08c0-4dcc-ae36-58432d3cb9fb",
              "parentUUID": "2cb3ccbc-7cdf-4214-bcee-973fa8d71f33",
              "isHook": false,
              "skipped": false
            }
          ],
          "suites": [],
          "passes": [
            "69f9b2bb-08c0-4dcc-ae36-58432d3cb9fb"
          ],
          "failures": [
            "3a3057ee-2610-4740-abbc-6f076d9bbbec",
            "d2272448-7409-41a9-9581-2f333b0579ea"
          ],
          "pending": [],
          "skipped": [],
          "duration": 12083,
          "root": false,
          "rootEmpty": false,
          "_timeout": 2000
        },
        {
          "uuid": "758a1b20-e50f-4358-a6af-983153cce482",
          "title": "9 - Crie um botão que, ao ser clicado, limpa o quadro preenchendo a cor de todos seus pixels com branco.",
          "fullFile": "",
          "file": "",
          "beforeHooks": [],
          "afterHooks": [],
          "tests": [
            {
              "title": "Verifica se o botão tem o `id` denominado `clear-board`",
              "fullTitle": "9 - Crie um botão que, ao ser clicado, limpa o quadro preenchendo a cor de todos seus pixels com branco. Verifica se o botão tem o `id` denominado `clear-board`",
              "timedOut": null,
              "duration": 4588,
              "state": "failed",
              "speed": null,
              "pass": false,
              "fail": true,
              "pending": false,
              "context": null,
              "code": "cy.get('#clear-board').should('be.visible');",
              "err": {
                "message": "CypressError: Timed out retrying: Expected to find element: '#clear-board', but never found it.",
                "estack": "CypressError: Timed out retrying: Expected to find element: '#clear-board', but never found it.\n    at cypressErr (http://localhost:35965/__cypress/runner/cypress_runner.js:149934:9)\n    at throwErr (http://localhost:35965/__cypress/runner/cypress_runner.js:149867:11)\n    at Object.throwErrByPath (http://localhost:35965/__cypress/runner/cypress_runner.js:149915:3)\n    at retry (http://localhost:35965/__cypress/runner/cypress_runner.js:144197:19)\n    at onFailFn (http://localhost:35965/__cypress/runner/cypress_runner.js:132448:16)\n    at tryCatcher (http://localhost:35965/__cypress/runner/cypress_runner.js:167415:23)\n    at Promise._settlePromiseFromHandler (http://localhost:35965/__cypress/runner/cypress_runner.js:165351:31)\n    at Promise._settlePromise (http://localhost:35965/__cypress/runner/cypress_runner.js:165408:18)\n    at Promise._settlePromise0 (http://localhost:35965/__cypress/runner/cypress_runner.js:165453:10)\n    at Promise._settlePromises (http://localhost:35965/__cypress/runner/cypress_runner.js:165528:18)\n    at Async../node_modules/bluebird/js/release/async.js.Async._drainQueue (http://localhost:35965/__cypress/runner/cypress_runner.js:162140:16)\n    at Async../node_modules/bluebird/js/release/async.js.Async._drainQueues (http://localhost:35965/__cypress/runner/cypress_runner.js:162150:10)\n    at Async.drainQueues (http://localhost:35965/__cypress/runner/cypress_runner.js:162024:14)",
                "diff": null
              },
              "uuid": "843bb5a1-2321-4f8e-8e35-be5b3e72d848",
              "parentUUID": "758a1b20-e50f-4358-a6af-983153cce482",
              "isHook": false,
              "skipped": false
            },
            {
              "title": "Verifica se o botão está posicionado entre a paleta de cores e o quadro de pixels",
              "fullTitle": "9 - Crie um botão que, ao ser clicado, limpa o quadro preenchendo a cor de todos seus pixels com branco. Verifica se o botão está posicionado entre a paleta de cores e o quadro de pixels",
              "timedOut": null,
              "duration": 4583,
              "state": "failed",
              "speed": null,
              "pass": false,
              "fail": true,
              "pending": false,
              "context": null,
              "code": "cy.get('#color-palette').then(function (palette) {\n  cy.get('#clear-board').should('be.belowOf', palette);\n});\ncy.get('#clear-board').then(function (clearBtn) {\n  cy.get('#pixel-board').should('be.belowOf', clearBtn);\n});",
              "err": {
                "message": "CypressError: Timed out retrying: Expected to find element: '#clear-board', but never found it.",
                "estack": "CypressError: Timed out retrying: Expected to find element: '#clear-board', but never found it.\n    at cypressErr (http://localhost:35965/__cypress/runner/cypress_runner.js:149934:9)\n    at throwErr (http://localhost:35965/__cypress/runner/cypress_runner.js:149867:11)\n    at Object.throwErrByPath (http://localhost:35965/__cypress/runner/cypress_runner.js:149915:3)\n    at retry (http://localhost:35965/__cypress/runner/cypress_runner.js:144197:19)\n    at onFailFn (http://localhost:35965/__cypress/runner/cypress_runner.js:132448:16)\n    at tryCatcher (http://localhost:35965/__cypress/runner/cypress_runner.js:167415:23)\n    at Promise._settlePromiseFromHandler (http://localhost:35965/__cypress/runner/cypress_runner.js:165351:31)\n    at Promise._settlePromise (http://localhost:35965/__cypress/runner/cypress_runner.js:165408:18)\n    at Promise._settlePromise0 (http://localhost:35965/__cypress/runner/cypress_runner.js:165453:10)\n    at Promise._settlePromises (http://localhost:35965/__cypress/runner/cypress_runner.js:165528:18)\n    at Async../node_modules/bluebird/js/release/async.js.Async._drainQueue (http://localhost:35965/__cypress/runner/cypress_runner.js:162140:16)\n    at Async../node_modules/bluebird/js/release/async.js.Async._drainQueues (http://localhost:35965/__cypress/runner/cypress_runner.js:162150:10)\n    at Async.drainQueues (http://localhost:35965/__cypress/runner/cypress_runner.js:162024:14)",
                "diff": null
              },
              "uuid": "5fcf6d71-826d-4a83-99e7-88d0b1ae256f",
              "parentUUID": "758a1b20-e50f-4358-a6af-983153cce482",
              "isHook": false,
              "skipped": false
            },
            {
              "title": "Verifica se o texto do botão é 'Limpar'",
              "fullTitle": "9 - Crie um botão que, ao ser clicado, limpa o quadro preenchendo a cor de todos seus pixels com branco. Verifica se o texto do botão é 'Limpar'",
              "timedOut": null,
              "duration": 4557,
              "state": "failed",
              "speed": null,
              "pass": false,
              "fail": true,
              "pending": false,
              "context": null,
              "code": "cy.get('#clear-board').should('contain.text', 'Limpar');",
              "err": {
                "message": "CypressError: Timed out retrying: Expected to find element: '#clear-board', but never found it.",
                "estack": "CypressError: Timed out retrying: Expected to find element: '#clear-board', but never found it.\n    at cypressErr (http://localhost:35965/__cypress/runner/cypress_runner.js:149934:9)\n    at throwErr (http://localhost:35965/__cypress/runner/cypress_runner.js:149867:11)\n    at Object.throwErrByPath (http://localhost:35965/__cypress/runner/cypress_runner.js:149915:3)\n    at retry (http://localhost:35965/__cypress/runner/cypress_runner.js:144197:19)\n    at onFailFn (http://localhost:35965/__cypress/runner/cypress_runner.js:132448:16)\n    at tryCatcher (http://localhost:35965/__cypress/runner/cypress_runner.js:167415:23)\n    at Promise._settlePromiseFromHandler (http://localhost:35965/__cypress/runner/cypress_runner.js:165351:31)\n    at Promise._settlePromise (http://localhost:35965/__cypress/runner/cypress_runner.js:165408:18)\n    at Promise._settlePromise0 (http://localhost:35965/__cypress/runner/cypress_runner.js:165453:10)\n    at Promise._settlePromises (http://localhost:35965/__cypress/runner/cypress_runner.js:165528:18)\n    at Async../node_modules/bluebird/js/release/async.js.Async._drainQueue (http://localhost:35965/__cypress/runner/cypress_runner.js:162140:16)\n    at Async../node_modules/bluebird/js/release/async.js.Async._drainQueues (http://localhost:35965/__cypress/runner/cypress_runner.js:162150:10)\n    at Async.drainQueues (http://localhost:35965/__cypress/runner/cypress_runner.js:162024:14)",
                "diff": null
              },
              "uuid": "e6999213-6a9f-4c64-b145-9d66b87658a3",
              "parentUUID": "758a1b20-e50f-4358-a6af-983153cce482",
              "isHook": false,
              "skipped": false
            },
            {
              "title": "Verifica se ao clicar no botão, o quadro de pixels é totalmente preenchido de branco",
              "fullTitle": "9 - Crie um botão que, ao ser clicado, limpa o quadro preenchendo a cor de todos seus pixels com branco. Verifica se ao clicar no botão, o quadro de pixels é totalmente preenchido de branco",
              "timedOut": null,
              "duration": 4781,
              "state": "failed",
              "speed": null,
              "pass": false,
              "fail": true,
              "pending": false,
              "context": null,
              "code": "cy.get('.color').eq(1).then(function (color) {\n  var backgroundColor = color.css('background-color');\n  cy.wrap(color).click();\n  cy.get('.pixel').each(function (pixel) {\n    cy.wrap(pixel).click().should('have.css', 'background-color', backgroundColor);\n  });\n});\ncy.get('#clear-board').click();\ncy.get('.pixel').each(function (pixel) {\n  cy.wrap(pixel).should('have.css', 'background-color', WHITE);\n});",
              "err": {
                "message": "CypressError: Timed out retrying: expected '<div.pixel>' to have CSS property 'background-color' with the value 'rgb(0, 0, 255)', but the value was 'rgb(255, 255, 255)'",
                "estack": "CypressError: Timed out retrying: expected '<div.pixel>' to have CSS property 'background-color' with the value 'rgb(0, 0, 255)', but the value was 'rgb(255, 255, 255)'\n    at cypressErr (http://localhost:35965/__cypress/runner/cypress_runner.js:149934:9)\n    at throwErr (http://localhost:35965/__cypress/runner/cypress_runner.js:149867:11)\n    at Object.throwErrByPath (http://localhost:35965/__cypress/runner/cypress_runner.js:149915:3)\n    at retry (http://localhost:35965/__cypress/runner/cypress_runner.js:144197:19)\n    at onFailFn (http://localhost:35965/__cypress/runner/cypress_runner.js:132448:16)\n    at tryCatcher (http://localhost:35965/__cypress/runner/cypress_runner.js:167415:23)\n    at Promise._settlePromiseFromHandler (http://localhost:35965/__cypress/runner/cypress_runner.js:165351:31)\n    at Promise._settlePromise (http://localhost:35965/__cypress/runner/cypress_runner.js:165408:18)\n    at Promise._settlePromise0 (http://localhost:35965/__cypress/runner/cypress_runner.js:165453:10)\n    at Promise._settlePromises (http://localhost:35965/__cypress/runner/cypress_runner.js:165528:18)\n    at Async../node_modules/bluebird/js/release/async.js.Async._drainQueue (http://localhost:35965/__cypress/runner/cypress_runner.js:162140:16)\n    at Async../node_modules/bluebird/js/release/async.js.Async._drainQueues (http://localhost:35965/__cypress/runner/cypress_runner.js:162150:10)\n    at Async.drainQueues (http://localhost:35965/__cypress/runner/cypress_runner.js:162024:14)",
                "diff": null
              },
              "uuid": "6ffee991-8b21-4163-94b5-4298d37ea660",
              "parentUUID": "758a1b20-e50f-4358-a6af-983153cce482",
              "isHook": false,
              "skipped": false
            }
          ],
          "suites": [],
          "passes": [],
          "failures": [
            "843bb5a1-2321-4f8e-8e35-be5b3e72d848",
            "5fcf6d71-826d-4a83-99e7-88d0b1ae256f",
            "e6999213-6a9f-4c64-b145-9d66b87658a3",
            "6ffee991-8b21-4163-94b5-4298d37ea660"
          ],
          "pending": [],
          "skipped": [],
          "duration": 18509,
          "root": false,
          "rootEmpty": false,
          "_timeout": 2000
        },
        {
          "uuid": "571fb5bf-3660-42f1-9b9f-36f81076cb7b",
          "title": "10 - Faça o quadro de pixels ter seu tamanho definido pelo usuário.",
          "fullFile": "",
          "file": "",
          "beforeHooks": [],
          "afterHooks": [],
          "tests": [
            {
              "title": "Verifica se existe um input com o id `board-size`",
              "fullTitle": "10 - Faça o quadro de pixels ter seu tamanho definido pelo usuário. Verifica se existe um input com o id `board-size`",
              "timedOut": null,
              "duration": 5581,
              "state": "failed",
              "speed": null,
              "pass": false,
              "fail": true,
              "pending": false,
              "context": null,
              "code": "cy.get('#board-size').should('be.visible');",
              "err": {
                "message": "CypressError: Timed out retrying: Expected to find element: '#board-size', but never found it.",
                "estack": "CypressError: Timed out retrying: Expected to find element: '#board-size', but never found it.\n    at cypressErr (http://localhost:35965/__cypress/runner/cypress_runner.js:149934:9)\n    at throwErr (http://localhost:35965/__cypress/runner/cypress_runner.js:149867:11)\n    at Object.throwErrByPath (http://localhost:35965/__cypress/runner/cypress_runner.js:149915:3)\n    at retry (http://localhost:35965/__cypress/runner/cypress_runner.js:144197:19)\n    at onFailFn (http://localhost:35965/__cypress/runner/cypress_runner.js:132448:16)\n    at tryCatcher (http://localhost:35965/__cypress/runner/cypress_runner.js:167415:23)\n    at Promise._settlePromiseFromHandler (http://localhost:35965/__cypress/runner/cypress_runner.js:165351:31)\n    at Promise._settlePromise (http://localhost:35965/__cypress/runner/cypress_runner.js:165408:18)\n    at Promise._settlePromise0 (http://localhost:35965/__cypress/runner/cypress_runner.js:165453:10)\n    at Promise._settlePromises (http://localhost:35965/__cypress/runner/cypress_runner.js:165528:18)\n    at Async../node_modules/bluebird/js/release/async.js.Async._drainQueue (http://localhost:35965/__cypress/runner/cypress_runner.js:162140:16)\n    at Async../node_modules/bluebird/js/release/async.js.Async._drainQueues (http://localhost:35965/__cypress/runner/cypress_runner.js:162150:10)\n    at Async.drainQueues (http://localhost:35965/__cypress/runner/cypress_runner.js:162024:14)",
                "diff": null
              },
              "uuid": "13d01be1-4e67-4b03-aa5e-8a7a2d2113fa",
              "parentUUID": "571fb5bf-3660-42f1-9b9f-36f81076cb7b",
              "isHook": false,
              "skipped": false
            },
            {
              "title": "Verifica se existe um botão com o id `generate-board`",
              "fullTitle": "10 - Faça o quadro de pixels ter seu tamanho definido pelo usuário. Verifica se existe um botão com o id `generate-board`",
              "timedOut": null,
              "duration": 5036,
              "state": "failed",
              "speed": null,
              "pass": false,
              "fail": true,
              "pending": false,
              "context": null,
              "code": "cy.get('#generate-board').should('be.visible');",
              "err": {
                "message": "CypressError: Timed out retrying: Expected to find element: '#generate-board', but never found it.",
                "estack": "CypressError: Timed out retrying: Expected to find element: '#generate-board', but never found it.\n    at cypressErr (http://localhost:35965/__cypress/runner/cypress_runner.js:149934:9)\n    at throwErr (http://localhost:35965/__cypress/runner/cypress_runner.js:149867:11)\n    at Object.throwErrByPath (http://localhost:35965/__cypress/runner/cypress_runner.js:149915:3)\n    at retry (http://localhost:35965/__cypress/runner/cypress_runner.js:144197:19)\n    at onFailFn (http://localhost:35965/__cypress/runner/cypress_runner.js:132448:16)\n    at tryCatcher (http://localhost:35965/__cypress/runner/cypress_runner.js:167415:23)\n    at Promise._settlePromiseFromHandler (http://localhost:35965/__cypress/runner/cypress_runner.js:165351:31)\n    at Promise._settlePromise (http://localhost:35965/__cypress/runner/cypress_runner.js:165408:18)\n    at Promise._settlePromise0 (http://localhost:35965/__cypress/runner/cypress_runner.js:165453:10)\n    at Promise._settlePromises (http://localhost:35965/__cypress/runner/cypress_runner.js:165528:18)\n    at Async../node_modules/bluebird/js/release/async.js.Async._drainQueue (http://localhost:35965/__cypress/runner/cypress_runner.js:162140:16)\n    at Async../node_modules/bluebird/js/release/async.js.Async._drainQueues (http://localhost:35965/__cypress/runner/cypress_runner.js:162150:10)\n    at Async.drainQueues (http://localhost:35965/__cypress/runner/cypress_runner.js:162024:14)",
                "diff": null
              },
              "uuid": "892f040f-c3dd-4fa6-9184-d3e4075a22ee",
              "parentUUID": "571fb5bf-3660-42f1-9b9f-36f81076cb7b",
              "isHook": false,
              "skipped": false
            },
            {
              "title": "Verifica se o input só aceita número maiores que zero. Essa restrição deve ser feita usando os atributos do elemento `input`",
              "fullTitle": "10 - Faça o quadro de pixels ter seu tamanho definido pelo usuário. Verifica se o input só aceita número maiores que zero. Essa restrição deve ser feita usando os atributos do elemento `input`",
              "timedOut": null,
              "duration": 4496,
              "state": "failed",
              "speed": null,
              "pass": false,
              "fail": true,
              "pending": false,
              "context": null,
              "code": "cy.get('#board-size[type=\\'number\\'][min=\\'1\\']');",
              "err": {
                "message": "CypressError: Timed out retrying: Expected to find element: '#board-size[type='number'][min='1']', but never found it.",
                "estack": "CypressError: Timed out retrying: Expected to find element: '#board-size[type='number'][min='1']', but never found it.\n    at cypressErr (http://localhost:35965/__cypress/runner/cypress_runner.js:149934:9)\n    at throwErr (http://localhost:35965/__cypress/runner/cypress_runner.js:149867:11)\n    at Object.throwErrByPath (http://localhost:35965/__cypress/runner/cypress_runner.js:149915:3)\n    at retry (http://localhost:35965/__cypress/runner/cypress_runner.js:144197:19)\n    at onFailFn (http://localhost:35965/__cypress/runner/cypress_runner.js:132448:16)\n    at tryCatcher (http://localhost:35965/__cypress/runner/cypress_runner.js:167415:23)\n    at Promise._settlePromiseFromHandler (http://localhost:35965/__cypress/runner/cypress_runner.js:165351:31)\n    at Promise._settlePromise (http://localhost:35965/__cypress/runner/cypress_runner.js:165408:18)\n    at Promise._settlePromise0 (http://localhost:35965/__cypress/runner/cypress_runner.js:165453:10)\n    at Promise._settlePromises (http://localhost:35965/__cypress/runner/cypress_runner.js:165528:18)\n    at Async../node_modules/bluebird/js/release/async.js.Async._drainQueue (http://localhost:35965/__cypress/runner/cypress_runner.js:162140:16)\n    at Async../node_modules/bluebird/js/release/async.js.Async._drainQueues (http://localhost:35965/__cypress/runner/cypress_runner.js:162150:10)\n    at Async.drainQueues (http://localhost:35965/__cypress/runner/cypress_runner.js:162024:14)",
                "diff": null
              },
              "uuid": "db2d77ce-7913-4f52-829d-4b6c92efc712",
              "parentUUID": "571fb5bf-3660-42f1-9b9f-36f81076cb7b",
              "isHook": false,
              "skipped": false
            },
            {
              "title": "Verifica se o botão contém o texto 'VQV'",
              "fullTitle": "10 - Faça o quadro de pixels ter seu tamanho definido pelo usuário. Verifica se o botão contém o texto 'VQV'",
              "timedOut": null,
              "duration": 4603,
              "state": "failed",
              "speed": null,
              "pass": false,
              "fail": true,
              "pending": false,
              "context": null,
              "code": "cy.get('#generate-board').contains(/vqv/i);",
              "err": {
                "message": "CypressError: Timed out retrying: Expected to find element: '#generate-board', but never found it.",
                "estack": "CypressError: Timed out retrying: Expected to find element: '#generate-board', but never found it.\n    at cypressErr (http://localhost:35965/__cypress/runner/cypress_runner.js:149934:9)\n    at throwErr (http://localhost:35965/__cypress/runner/cypress_runner.js:149867:11)\n    at Object.throwErrByPath (http://localhost:35965/__cypress/runner/cypress_runner.js:149915:3)\n    at retry (http://localhost:35965/__cypress/runner/cypress_runner.js:144197:19)\n    at onFailFn (http://localhost:35965/__cypress/runner/cypress_runner.js:132448:16)\n    at tryCatcher (http://localhost:35965/__cypress/runner/cypress_runner.js:167415:23)\n    at Promise._settlePromiseFromHandler (http://localhost:35965/__cypress/runner/cypress_runner.js:165351:31)\n    at Promise._settlePromise (http://localhost:35965/__cypress/runner/cypress_runner.js:165408:18)\n    at Promise._settlePromise0 (http://localhost:35965/__cypress/runner/cypress_runner.js:165453:10)\n    at Promise._settlePromises (http://localhost:35965/__cypress/runner/cypress_runner.js:165528:18)\n    at Async../node_modules/bluebird/js/release/async.js.Async._drainQueue (http://localhost:35965/__cypress/runner/cypress_runner.js:162140:16)\n    at Async../node_modules/bluebird/js/release/async.js.Async._drainQueues (http://localhost:35965/__cypress/runner/cypress_runner.js:162150:10)\n    at Async.drainQueues (http://localhost:35965/__cypress/runner/cypress_runner.js:162024:14)",
                "diff": null
              },
              "uuid": "7b46be49-5ced-409c-85d8-44eb4e21d112",
              "parentUUID": "571fb5bf-3660-42f1-9b9f-36f81076cb7b",
              "isHook": false,
              "skipped": false
            },
            {
              "title": "Verifica se o input está posicionado entre a paleta de cores e o quadro de pixels",
              "fullTitle": "10 - Faça o quadro de pixels ter seu tamanho definido pelo usuário. Verifica se o input está posicionado entre a paleta de cores e o quadro de pixels",
              "timedOut": null,
              "duration": 4644,
              "state": "failed",
              "speed": null,
              "pass": false,
              "fail": true,
              "pending": false,
              "context": null,
              "code": "cy.get('#color-palette').then(function (palette) {\n  cy.get('#board-size').should('be.belowOf', palette);\n});\ncy.get('#board-size').then(function (palette) {\n  cy.get('#pixel-board').should('be.belowOf', palette);\n});",
              "err": {
                "message": "CypressError: Timed out retrying: Expected to find element: '#board-size', but never found it.",
                "estack": "CypressError: Timed out retrying: Expected to find element: '#board-size', but never found it.\n    at cypressErr (http://localhost:35965/__cypress/runner/cypress_runner.js:149934:9)\n    at throwErr (http://localhost:35965/__cypress/runner/cypress_runner.js:149867:11)\n    at Object.throwErrByPath (http://localhost:35965/__cypress/runner/cypress_runner.js:149915:3)\n    at retry (http://localhost:35965/__cypress/runner/cypress_runner.js:144197:19)\n    at onFailFn (http://localhost:35965/__cypress/runner/cypress_runner.js:132448:16)\n    at tryCatcher (http://localhost:35965/__cypress/runner/cypress_runner.js:167415:23)\n    at Promise._settlePromiseFromHandler (http://localhost:35965/__cypress/runner/cypress_runner.js:165351:31)\n    at Promise._settlePromise (http://localhost:35965/__cypress/runner/cypress_runner.js:165408:18)\n    at Promise._settlePromise0 (http://localhost:35965/__cypress/runner/cypress_runner.js:165453:10)\n    at Promise._settlePromises (http://localhost:35965/__cypress/runner/cypress_runner.js:165528:18)\n    at Async../node_modules/bluebird/js/release/async.js.Async._drainQueue (http://localhost:35965/__cypress/runner/cypress_runner.js:162140:16)\n    at Async../node_modules/bluebird/js/release/async.js.Async._drainQueues (http://localhost:35965/__cypress/runner/cypress_runner.js:162150:10)\n    at Async.drainQueues (http://localhost:35965/__cypress/runner/cypress_runner.js:162024:14)",
                "diff": null
              },
              "uuid": "8bb1294d-d0ab-4e6c-a6c9-24fdbc611fee",
              "parentUUID": "571fb5bf-3660-42f1-9b9f-36f81076cb7b",
              "isHook": false,
              "skipped": false
            },
            {
              "title": "Verifica se o botão está posicionado ao lado do input",
              "fullTitle": "10 - Faça o quadro de pixels ter seu tamanho definido pelo usuário. Verifica se o botão está posicionado ao lado do input",
              "timedOut": null,
              "duration": 4499,
              "state": "failed",
              "speed": null,
              "pass": false,
              "fail": true,
              "pending": false,
              "context": null,
              "code": "cy.get('#board-size').then(function (board) {\n  cy.get('#generate-board').should('be.onTheRightOf', board);\n});",
              "err": {
                "message": "CypressError: Timed out retrying: Expected to find element: '#board-size', but never found it.",
                "estack": "CypressError: Timed out retrying: Expected to find element: '#board-size', but never found it.\n    at cypressErr (http://localhost:35965/__cypress/runner/cypress_runner.js:149934:9)\n    at throwErr (http://localhost:35965/__cypress/runner/cypress_runner.js:149867:11)\n    at Object.throwErrByPath (http://localhost:35965/__cypress/runner/cypress_runner.js:149915:3)\n    at retry (http://localhost:35965/__cypress/runner/cypress_runner.js:144197:19)\n    at onFailFn (http://localhost:35965/__cypress/runner/cypress_runner.js:132448:16)\n    at tryCatcher (http://localhost:35965/__cypress/runner/cypress_runner.js:167415:23)\n    at Promise._settlePromiseFromHandler (http://localhost:35965/__cypress/runner/cypress_runner.js:165351:31)\n    at Promise._settlePromise (http://localhost:35965/__cypress/runner/cypress_runner.js:165408:18)\n    at Promise._settlePromise0 (http://localhost:35965/__cypress/runner/cypress_runner.js:165453:10)\n    at Promise._settlePromises (http://localhost:35965/__cypress/runner/cypress_runner.js:165528:18)\n    at Async../node_modules/bluebird/js/release/async.js.Async._drainQueue (http://localhost:35965/__cypress/runner/cypress_runner.js:162140:16)\n    at Async../node_modules/bluebird/js/release/async.js.Async._drainQueues (http://localhost:35965/__cypress/runner/cypress_runner.js:162150:10)\n    at Async.drainQueues (http://localhost:35965/__cypress/runner/cypress_runner.js:162024:14)",
                "diff": null
              },
              "uuid": "5107cf7c-f733-4c95-8b51-7479d1817c58",
              "parentUUID": "571fb5bf-3660-42f1-9b9f-36f81076cb7b",
              "isHook": false,
              "skipped": false
            },
            {
              "title": "Verifica se nenhum valor for colocado no input ao clicar no botão, um `alert` é exibido com o texto: 'Board inválido!'",
              "fullTitle": "10 - Faça o quadro de pixels ter seu tamanho definido pelo usuário. Verifica se nenhum valor for colocado no input ao clicar no botão, um `alert` é exibido com o texto: 'Board inválido!'",
              "timedOut": null,
              "duration": 4538,
              "state": "failed",
              "speed": null,
              "pass": false,
              "fail": true,
              "pending": false,
              "context": null,
              "code": "var alerted = false;\ncy.on('window:alert', function (msg) {\n  return alerted = msg;\n});\ncy.get('#generate-board').click().then(function () {\n  return expect(alerted).to.match(/Board inválido!/i);\n});",
              "err": {
                "message": "CypressError: Timed out retrying: Expected to find element: '#generate-board', but never found it.",
                "estack": "CypressError: Timed out retrying: Expected to find element: '#generate-board', but never found it.\n    at cypressErr (http://localhost:35965/__cypress/runner/cypress_runner.js:149934:9)\n    at throwErr (http://localhost:35965/__cypress/runner/cypress_runner.js:149867:11)\n    at Object.throwErrByPath (http://localhost:35965/__cypress/runner/cypress_runner.js:149915:3)\n    at retry (http://localhost:35965/__cypress/runner/cypress_runner.js:144197:19)\n    at onFailFn (http://localhost:35965/__cypress/runner/cypress_runner.js:132448:16)\n    at tryCatcher (http://localhost:35965/__cypress/runner/cypress_runner.js:167415:23)\n    at Promise._settlePromiseFromHandler (http://localhost:35965/__cypress/runner/cypress_runner.js:165351:31)\n    at Promise._settlePromise (http://localhost:35965/__cypress/runner/cypress_runner.js:165408:18)\n    at Promise._settlePromise0 (http://localhost:35965/__cypress/runner/cypress_runner.js:165453:10)\n    at Promise._settlePromises (http://localhost:35965/__cypress/runner/cypress_runner.js:165528:18)\n    at Async../node_modules/bluebird/js/release/async.js.Async._drainQueue (http://localhost:35965/__cypress/runner/cypress_runner.js:162140:16)\n    at Async../node_modules/bluebird/js/release/async.js.Async._drainQueues (http://localhost:35965/__cypress/runner/cypress_runner.js:162150:10)\n    at Async.drainQueues (http://localhost:35965/__cypress/runner/cypress_runner.js:162024:14)",
                "diff": null
              },
              "uuid": "58580d28-7697-4c1e-b4d7-9063c24a3aee",
              "parentUUID": "571fb5bf-3660-42f1-9b9f-36f81076cb7b",
              "isHook": false,
              "skipped": false
            },
            {
              "title": "Verifica se ao clicar no botão com um valor preenchido, o tamanho do board muda.",
              "fullTitle": "10 - Faça o quadro de pixels ter seu tamanho definido pelo usuário. Verifica se ao clicar no botão com um valor preenchido, o tamanho do board muda.",
              "timedOut": null,
              "duration": 4831,
              "state": "failed",
              "speed": null,
              "pass": false,
              "fail": true,
              "pending": false,
              "context": null,
              "code": "cy.get('#board-size').clear().type(10);\ncy.get('#generate-board').click();\ncy.get('.pixel').should('have.length', 100);",
              "err": {
                "message": "CypressError: Timed out retrying: Expected to find element: '#board-size', but never found it.",
                "estack": "CypressError: Timed out retrying: Expected to find element: '#board-size', but never found it.\n    at cypressErr (http://localhost:35965/__cypress/runner/cypress_runner.js:149934:9)\n    at throwErr (http://localhost:35965/__cypress/runner/cypress_runner.js:149867:11)\n    at Object.throwErrByPath (http://localhost:35965/__cypress/runner/cypress_runner.js:149915:3)\n    at retry (http://localhost:35965/__cypress/runner/cypress_runner.js:144197:19)\n    at onFailFn (http://localhost:35965/__cypress/runner/cypress_runner.js:132448:16)\n    at tryCatcher (http://localhost:35965/__cypress/runner/cypress_runner.js:167415:23)\n    at Promise._settlePromiseFromHandler (http://localhost:35965/__cypress/runner/cypress_runner.js:165351:31)\n    at Promise._settlePromise (http://localhost:35965/__cypress/runner/cypress_runner.js:165408:18)\n    at Promise._settlePromise0 (http://localhost:35965/__cypress/runner/cypress_runner.js:165453:10)\n    at Promise._settlePromises (http://localhost:35965/__cypress/runner/cypress_runner.js:165528:18)\n    at Async../node_modules/bluebird/js/release/async.js.Async._drainQueue (http://localhost:35965/__cypress/runner/cypress_runner.js:162140:16)\n    at Async../node_modules/bluebird/js/release/async.js.Async._drainQueues (http://localhost:35965/__cypress/runner/cypress_runner.js:162150:10)\n    at Async.drainQueues (http://localhost:35965/__cypress/runner/cypress_runner.js:162024:14)",
                "diff": null
              },
              "uuid": "38852ed9-ea66-4c96-be9a-cf4d62143714",
              "parentUUID": "571fb5bf-3660-42f1-9b9f-36f81076cb7b",
              "isHook": false,
              "skipped": false
            },
            {
              "title": "Verifica se o novo quadro tem todos os pixels preenchidos com a cor branca",
              "fullTitle": "10 - Faça o quadro de pixels ter seu tamanho definido pelo usuário. Verifica se o novo quadro tem todos os pixels preenchidos com a cor branca",
              "timedOut": null,
              "duration": 4516,
              "state": "failed",
              "speed": null,
              "pass": false,
              "fail": true,
              "pending": false,
              "context": null,
              "code": "cy.get('#board-size').clear().type(6);\ncy.get('#generate-board').click();\ncy.get('.pixel').should('have.length', 36).each(function (pixel) {\n  expect(pixel).to.have.css('background-color', WHITE);\n});",
              "err": {
                "message": "CypressError: Timed out retrying: Expected to find element: '#board-size', but never found it.",
                "estack": "CypressError: Timed out retrying: Expected to find element: '#board-size', but never found it.\n    at cypressErr (http://localhost:35965/__cypress/runner/cypress_runner.js:149934:9)\n    at throwErr (http://localhost:35965/__cypress/runner/cypress_runner.js:149867:11)\n    at Object.throwErrByPath (http://localhost:35965/__cypress/runner/cypress_runner.js:149915:3)\n    at retry (http://localhost:35965/__cypress/runner/cypress_runner.js:144197:19)\n    at onFailFn (http://localhost:35965/__cypress/runner/cypress_runner.js:132448:16)\n    at tryCatcher (http://localhost:35965/__cypress/runner/cypress_runner.js:167415:23)\n    at Promise._settlePromiseFromHandler (http://localhost:35965/__cypress/runner/cypress_runner.js:165351:31)\n    at Promise._settlePromise (http://localhost:35965/__cypress/runner/cypress_runner.js:165408:18)\n    at Promise._settlePromise0 (http://localhost:35965/__cypress/runner/cypress_runner.js:165453:10)\n    at Promise._settlePromises (http://localhost:35965/__cypress/runner/cypress_runner.js:165528:18)\n    at Async../node_modules/bluebird/js/release/async.js.Async._drainQueue (http://localhost:35965/__cypress/runner/cypress_runner.js:162140:16)\n    at Async../node_modules/bluebird/js/release/async.js.Async._drainQueues (http://localhost:35965/__cypress/runner/cypress_runner.js:162150:10)\n    at Async.drainQueues (http://localhost:35965/__cypress/runner/cypress_runner.js:162024:14)",
                "diff": null
              },
              "uuid": "8846cd32-7905-4b2c-8298-940a7464f567",
              "parentUUID": "571fb5bf-3660-42f1-9b9f-36f81076cb7b",
              "isHook": false,
              "skipped": false
            }
          ],
          "suites": [],
          "passes": [],
          "failures": [
            "13d01be1-4e67-4b03-aa5e-8a7a2d2113fa",
            "892f040f-c3dd-4fa6-9184-d3e4075a22ee",
            "db2d77ce-7913-4f52-829d-4b6c92efc712",
            "7b46be49-5ced-409c-85d8-44eb4e21d112",
            "8bb1294d-d0ab-4e6c-a6c9-24fdbc611fee",
            "5107cf7c-f733-4c95-8b51-7479d1817c58",
            "58580d28-7697-4c1e-b4d7-9063c24a3aee",
            "38852ed9-ea66-4c96-be9a-cf4d62143714",
            "8846cd32-7905-4b2c-8298-940a7464f567"
          ],
          "pending": [],
          "skipped": [],
          "duration": 42744,
          "root": false,
          "rootEmpty": false,
          "_timeout": 2000
        },
        {
          "uuid": "391916f8-9e46-4266-ae22-d81ad9540115",
          "title": "11 - Limite o tamanho mínimo e máximo do board.",
          "fullFile": "",
          "file": "",
          "beforeHooks": [],
          "afterHooks": [],
          "tests": [
            {
              "title": "Verifica se a altura máxima do board é 50",
              "fullTitle": "11 - Limite o tamanho mínimo e máximo do board. Verifica se a altura máxima do board é 50",
              "timedOut": null,
              "duration": 4629,
              "state": "failed",
              "speed": null,
              "pass": false,
              "fail": true,
              "pending": false,
              "context": null,
              "code": "cy.get('#board-size').clear().type(50);\ncy.get('#generate-board').click();\ncy.get('.pixel').should('have.length', 2500);",
              "err": {
                "message": "CypressError: Timed out retrying: Expected to find element: '#board-size', but never found it.",
                "estack": "CypressError: Timed out retrying: Expected to find element: '#board-size', but never found it.\n    at cypressErr (http://localhost:35965/__cypress/runner/cypress_runner.js:149934:9)\n    at throwErr (http://localhost:35965/__cypress/runner/cypress_runner.js:149867:11)\n    at Object.throwErrByPath (http://localhost:35965/__cypress/runner/cypress_runner.js:149915:3)\n    at retry (http://localhost:35965/__cypress/runner/cypress_runner.js:144197:19)\n    at onFailFn (http://localhost:35965/__cypress/runner/cypress_runner.js:132448:16)\n    at tryCatcher (http://localhost:35965/__cypress/runner/cypress_runner.js:167415:23)\n    at Promise._settlePromiseFromHandler (http://localhost:35965/__cypress/runner/cypress_runner.js:165351:31)\n    at Promise._settlePromise (http://localhost:35965/__cypress/runner/cypress_runner.js:165408:18)\n    at Promise._settlePromise0 (http://localhost:35965/__cypress/runner/cypress_runner.js:165453:10)\n    at Promise._settlePromises (http://localhost:35965/__cypress/runner/cypress_runner.js:165528:18)\n    at Async../node_modules/bluebird/js/release/async.js.Async._drainQueue (http://localhost:35965/__cypress/runner/cypress_runner.js:162140:16)\n    at Async../node_modules/bluebird/js/release/async.js.Async._drainQueues (http://localhost:35965/__cypress/runner/cypress_runner.js:162150:10)\n    at Async.drainQueues (http://localhost:35965/__cypress/runner/cypress_runner.js:162024:14)",
                "diff": null
              },
              "uuid": "df3c6d13-8782-4bfe-8f0d-a0ab869bac52",
              "parentUUID": "391916f8-9e46-4266-ae22-d81ad9540115",
              "isHook": false,
              "skipped": false
            },
            {
              "title": "Verifica se a altura do board é 5 quando um valor menor é colocado no input",
              "fullTitle": "11 - Limite o tamanho mínimo e máximo do board. Verifica se a altura do board é 5 quando um valor menor é colocado no input",
              "timedOut": null,
              "duration": 4551,
              "state": "failed",
              "speed": null,
              "pass": false,
              "fail": true,
              "pending": false,
              "context": null,
              "code": "cy.get('#board-size').clear().type(4);\ncy.get('#generate-board').click();\ncy.get('.pixel').should('have.length', 25);",
              "err": {
                "message": "CypressError: Timed out retrying: Expected to find element: '#board-size', but never found it.",
                "estack": "CypressError: Timed out retrying: Expected to find element: '#board-size', but never found it.\n    at cypressErr (http://localhost:35965/__cypress/runner/cypress_runner.js:149934:9)\n    at throwErr (http://localhost:35965/__cypress/runner/cypress_runner.js:149867:11)\n    at Object.throwErrByPath (http://localhost:35965/__cypress/runner/cypress_runner.js:149915:3)\n    at retry (http://localhost:35965/__cypress/runner/cypress_runner.js:144197:19)\n    at onFailFn (http://localhost:35965/__cypress/runner/cypress_runner.js:132448:16)\n    at tryCatcher (http://localhost:35965/__cypress/runner/cypress_runner.js:167415:23)\n    at Promise._settlePromiseFromHandler (http://localhost:35965/__cypress/runner/cypress_runner.js:165351:31)\n    at Promise._settlePromise (http://localhost:35965/__cypress/runner/cypress_runner.js:165408:18)\n    at Promise._settlePromise0 (http://localhost:35965/__cypress/runner/cypress_runner.js:165453:10)\n    at Promise._settlePromises (http://localhost:35965/__cypress/runner/cypress_runner.js:165528:18)\n    at Async../node_modules/bluebird/js/release/async.js.Async._drainQueue (http://localhost:35965/__cypress/runner/cypress_runner.js:162140:16)\n    at Async../node_modules/bluebird/js/release/async.js.Async._drainQueues (http://localhost:35965/__cypress/runner/cypress_runner.js:162150:10)\n    at Async.drainQueues (http://localhost:35965/__cypress/runner/cypress_runner.js:162024:14)",
                "diff": null
              },
              "uuid": "2cd9fc05-70b3-43b1-8721-f8dfc25b729a",
              "parentUUID": "391916f8-9e46-4266-ae22-d81ad9540115",
              "isHook": false,
              "skipped": false
            },
            {
              "title": "Verifica se a altura do board é 50 quando um valor maior é colocado no input",
              "fullTitle": "11 - Limite o tamanho mínimo e máximo do board. Verifica se a altura do board é 50 quando um valor maior é colocado no input",
              "timedOut": null,
              "duration": 4481,
              "state": "failed",
              "speed": null,
              "pass": false,
              "fail": true,
              "pending": false,
              "context": null,
              "code": "cy.get('#board-size').clear().type(51);\ncy.get('#generate-board').click();\ncy.get('.pixel').should('have.length', 2500);",
              "err": {
                "message": "CypressError: Timed out retrying: Expected to find element: '#board-size', but never found it.",
                "estack": "CypressError: Timed out retrying: Expected to find element: '#board-size', but never found it.\n    at cypressErr (http://localhost:35965/__cypress/runner/cypress_runner.js:149934:9)\n    at throwErr (http://localhost:35965/__cypress/runner/cypress_runner.js:149867:11)\n    at Object.throwErrByPath (http://localhost:35965/__cypress/runner/cypress_runner.js:149915:3)\n    at retry (http://localhost:35965/__cypress/runner/cypress_runner.js:144197:19)\n    at onFailFn (http://localhost:35965/__cypress/runner/cypress_runner.js:132448:16)\n    at tryCatcher (http://localhost:35965/__cypress/runner/cypress_runner.js:167415:23)\n    at Promise._settlePromiseFromHandler (http://localhost:35965/__cypress/runner/cypress_runner.js:165351:31)\n    at Promise._settlePromise (http://localhost:35965/__cypress/runner/cypress_runner.js:165408:18)\n    at Promise._settlePromise0 (http://localhost:35965/__cypress/runner/cypress_runner.js:165453:10)\n    at Promise._settlePromises (http://localhost:35965/__cypress/runner/cypress_runner.js:165528:18)\n    at Async../node_modules/bluebird/js/release/async.js.Async._drainQueue (http://localhost:35965/__cypress/runner/cypress_runner.js:162140:16)\n    at Async../node_modules/bluebird/js/release/async.js.Async._drainQueues (http://localhost:35965/__cypress/runner/cypress_runner.js:162150:10)\n    at Async.drainQueues (http://localhost:35965/__cypress/runner/cypress_runner.js:162024:14)",
                "diff": null
              },
              "uuid": "dc4e036f-5d4c-4a13-bb14-7aff1e880d84",
              "parentUUID": "391916f8-9e46-4266-ae22-d81ad9540115",
              "isHook": false,
              "skipped": false
            }
          ],
          "suites": [],
          "passes": [],
          "failures": [
            "df3c6d13-8782-4bfe-8f0d-a0ab869bac52",
            "2cd9fc05-70b3-43b1-8721-f8dfc25b729a",
            "dc4e036f-5d4c-4a13-bb14-7aff1e880d84"
          ],
          "pending": [],
          "skipped": [],
          "duration": 13661,
          "root": false,
          "rootEmpty": false,
          "_timeout": 2000
        },
        {
          "uuid": "aeedca5e-56aa-4d73-a50a-c9f16cbfce6c",
          "title": "12 - Faça com que as cores da paleta sejam geradas aleatoriamente ao carregar a página.",
          "fullFile": "",
          "file": "",
          "beforeHooks": [],
          "afterHooks": [],
          "tests": [
            {
              "title": "Verifica se as cores geradas na paleta são diferentes a cada carregamento da página",
              "fullTitle": "12 - Faça com que as cores da paleta sejam geradas aleatoriamente ao carregar a página. Verifica se as cores geradas na paleta são diferentes a cada carregamento da página",
              "timedOut": null,
              "duration": 876,
              "state": "failed",
              "speed": null,
              "pass": false,
              "fail": true,
              "pending": false,
              "context": null,
              "code": "cy.get('.color').then(function (colors) {\n  var currentColors;\n  var previousColors;\n  previousColors = Array.from(colors).map(function (color) {\n    return Cypress.$(color).css('background-color');\n  });\n  for (var i = 0; i < 5; i += 1) {\n    cy.reload();\n    cy.get('.color').then(function (colors) {\n      currentColors = Array.from(colors).map(function (color) {\n        return Cypress.$(color).css('background-color');\n      });\n      expect(currentColors).not.to.deep.equal(previousColors);\n      previousColors = currentColors;\n    });\n  }\n});",
              "err": {
                "message": "AssertionError: expected [ Array(4) ] to not deeply equal [ Array(4) ]",
                "estack": "AssertionError: expected [ Array(4) ] to not deeply equal [ Array(4) ]\n    at getRet (http://localhost:35965/__cypress/runner/cypress_runner.js:136585:16)\n    at tryCatcher (http://localhost:35965/__cypress/runner/cypress_runner.js:167415:23)\n    at Function.Promise.attempt.Promise.try (http://localhost:35965/__cypress/runner/cypress_runner.js:164690:29)\n    at Context.thenFn (http://localhost:35965/__cypress/runner/cypress_runner.js:136599:23)\n    at Context.then (http://localhost:35965/__cypress/runner/cypress_runner.js:136971:21)\n    at Context.<anonymous> (http://localhost:35965/__cypress/runner/cypress_runner.js:148875:21)\n    at http://localhost:35965/__cypress/runner/cypress_runner.js:148351:33\n    at tryCatcher (http://localhost:35965/__cypress/runner/cypress_runner.js:167415:23)\n    at Promise._settlePromiseFromHandler (http://localhost:35965/__cypress/runner/cypress_runner.js:165351:31)\n    at Promise._settlePromise (http://localhost:35965/__cypress/runner/cypress_runner.js:165408:18)\n    at Promise._settlePromiseCtx (http://localhost:35965/__cypress/runner/cypress_runner.js:165445:10)\n    at Async../node_modules/bluebird/js/release/async.js.Async._drainQueue (http://localhost:35965/__cypress/runner/cypress_runner.js:162145:12)\n    at Async../node_modules/bluebird/js/release/async.js.Async._drainQueues (http://localhost:35965/__cypress/runner/cypress_runner.js:162150:10)\n    at Async.drainQueues (http://localhost:35965/__cypress/runner/cypress_runner.js:162024:14)",
                "diff": ""
              },
              "uuid": "35330919-a32d-42e3-ae24-750cfb2601fe",
              "parentUUID": "aeedca5e-56aa-4d73-a50a-c9f16cbfce6c",
              "isHook": false,
              "skipped": false
            },
            {
              "title": "Verifica se a cor preta ainda está presente e é a primeira na sua paleta de cores",
              "fullTitle": "12 - Faça com que as cores da paleta sejam geradas aleatoriamente ao carregar a página. Verifica se a cor preta ainda está presente e é a primeira na sua paleta de cores",
              "timedOut": null,
              "duration": 599,
              "state": "failed",
              "speed": null,
              "pass": false,
              "fail": true,
              "pending": false,
              "context": null,
              "code": "cy.get('.color').then(function (colors) {\n  var currentColors;\n  var previousColors;\n  previousColors = Array.from(colors).map(function (color) {\n    return Cypress.$(color).css('background-color');\n  });\n  expect(previousColors[0]).to.eq(BLACK);\n  for (var i = 0; i < 5; i += 1) {\n    cy.reload();\n    cy.get('.color').then(function (colors) {\n      currentColors = Array.from(colors).map(function (color) {\n        return Cypress.$(color).css('background-color');\n      });\n      expect(currentColors[0]).to.eq(BLACK);\n      expect(currentColors).not.to.deep.equal(previousColors);\n      previousColors = currentColors;\n    });\n  }\n});",
              "err": {
                "message": "AssertionError: expected [ Array(4) ] to not deeply equal [ Array(4) ]",
                "estack": "AssertionError: expected [ Array(4) ] to not deeply equal [ Array(4) ]\n    at getRet (http://localhost:35965/__cypress/runner/cypress_runner.js:136585:16)\n    at tryCatcher (http://localhost:35965/__cypress/runner/cypress_runner.js:167415:23)\n    at Function.Promise.attempt.Promise.try (http://localhost:35965/__cypress/runner/cypress_runner.js:164690:29)\n    at Context.thenFn (http://localhost:35965/__cypress/runner/cypress_runner.js:136599:23)\n    at Context.then (http://localhost:35965/__cypress/runner/cypress_runner.js:136971:21)\n    at Context.<anonymous> (http://localhost:35965/__cypress/runner/cypress_runner.js:148875:21)\n    at http://localhost:35965/__cypress/runner/cypress_runner.js:148351:33\n    at tryCatcher (http://localhost:35965/__cypress/runner/cypress_runner.js:167415:23)\n    at Promise._settlePromiseFromHandler (http://localhost:35965/__cypress/runner/cypress_runner.js:165351:31)\n    at Promise._settlePromise (http://localhost:35965/__cypress/runner/cypress_runner.js:165408:18)\n    at Promise._settlePromiseCtx (http://localhost:35965/__cypress/runner/cypress_runner.js:165445:10)\n    at Async../node_modules/bluebird/js/release/async.js.Async._drainQueue (http://localhost:35965/__cypress/runner/cypress_runner.js:162145:12)\n    at Async../node_modules/bluebird/js/release/async.js.Async._drainQueues (http://localhost:35965/__cypress/runner/cypress_runner.js:162150:10)\n    at Async.drainQueues (http://localhost:35965/__cypress/runner/cypress_runner.js:162024:14)",
                "diff": ""
              },
              "uuid": "718d3daa-0d57-48f4-81c1-760e5fce7d28",
              "parentUUID": "aeedca5e-56aa-4d73-a50a-c9f16cbfce6c",
              "isHook": false,
              "skipped": false
            }
          ],
          "suites": [],
          "passes": [],
          "failures": [
            "35330919-a32d-42e3-ae24-750cfb2601fe",
            "718d3daa-0d57-48f4-81c1-760e5fce7d28"
          ],
          "pending": [],
          "skipped": [],
          "duration": 1475,
          "root": false,
          "rootEmpty": false,
          "_timeout": 2000
        }
      ],
      "passes": [],
      "failures": [],
      "pending": [],
      "skipped": [],
      "duration": 0,
      "root": true,
      "rootEmpty": true,
      "_timeout": 2000
    }
  ],
  "meta": {
    "mocha": {
      "version": "7.0.1"
    },
    "mochawesome": {
      "options": {
        "quiet": false,
        "reportFilename": "mochawesome",
        "saveHtml": false,
        "saveJson": true,
        "consoleReporter": "spec",
        "useInlineDiffs": false
      },
      "version": "4.1.0"
    },
    "marge": {
      "options": {
        "id": "default",
        "reportDir": "cypress/reports",
        "overwrite": true,
        "html": false,
        "json": true
      },
      "version": "4.1.0"
    }
  }
}