{
  "stats": {
    "suites": 12,
    "tests": 41,
    "passes": 15,
    "pending": 0,
    "failures": 26,
    "start": "2021-12-09T19:35:12.533Z",
    "end": "2021-12-09T19:37:13.364Z",
    "duration": 120831,
    "testsRegistered": 41,
    "passPercent": 36.58536585365854,
    "pendingPercent": 0,
    "other": 0,
    "hasOther": false,
    "skipped": 0,
    "hasSkipped": false
  },
  "results": [
    {
      "uuid": "120798d9-6c4a-447b-99a3-7fb76e2b5083",
      "title": "",
      "fullFile": "cypress/integration/project.spec.js",
      "file": "cypress/integration/project.spec.js",
      "beforeHooks": [],
      "afterHooks": [],
      "tests": [],
      "suites": [
        {
          "uuid": "442bd027-defd-4146-bb1d-984a2f0d09e8",
          "title": "1 - Adicione à página o título \"Paleta de Cores\".",
          "fullFile": "",
          "file": "",
          "beforeHooks": [],
          "afterHooks": [],
          "tests": [
            {
              "title": "Verifica se contém um elemento `h1` com o id `title` com o título correto",
              "fullTitle": "1 - Adicione à página o título \"Paleta de Cores\". Verifica se contém um elemento `h1` com o id `title` com o título correto",
              "timedOut": null,
              "duration": 441,
              "state": "passed",
              "speed": "slow",
              "pass": true,
              "fail": false,
              "pending": false,
              "context": null,
              "code": "cy.get('h1#title').should('contain.text', 'Paleta de Cores');",
              "err": {},
              "uuid": "6bd0f067-5f0a-4f13-bcff-d14ad480b7b1",
              "parentUUID": "442bd027-defd-4146-bb1d-984a2f0d09e8",
              "isHook": false,
              "skipped": false
            }
          ],
          "suites": [],
          "passes": [
            "6bd0f067-5f0a-4f13-bcff-d14ad480b7b1"
          ],
          "failures": [],
          "pending": [],
          "skipped": [],
          "duration": 441,
          "root": false,
          "rootEmpty": false,
          "_timeout": 2000
        },
        {
          "uuid": "3b20f17e-6e0f-4aa4-bf60-064e1858aa0a",
          "title": "2 - Adicione à página uma paleta de quatro cores distintas.",
          "fullFile": "",
          "file": "",
          "beforeHooks": [],
          "afterHooks": [],
          "tests": [
            {
              "title": "A paleta de cores deve ser um elemento com `id` denominado `color-palette`",
              "fullTitle": "2 - Adicione à página uma paleta de quatro cores distintas. A paleta de cores deve ser um elemento com `id` denominado `color-palette`",
              "timedOut": null,
              "duration": 292,
              "state": "passed",
              "speed": "slow",
              "pass": true,
              "fail": false,
              "pending": false,
              "context": null,
              "code": "cy.get('#color-palette').should('be.visible');\ncy.get('#color-palette').children('.color');",
              "err": {},
              "uuid": "11f6d079-3fb7-4ecd-b48a-b16a6c39991d",
              "parentUUID": "3b20f17e-6e0f-4aa4-bf60-064e1858aa0a",
              "isHook": false,
              "skipped": false
            },
            {
              "title": "Verifica se cada cor individual da paleta de cores possui a `classe` chamada `color`.",
              "fullTitle": "2 - Adicione à página uma paleta de quatro cores distintas. Verifica se cada cor individual da paleta de cores possui a `classe` chamada `color`.",
              "timedOut": null,
              "duration": 367,
              "state": "passed",
              "speed": "slow",
              "pass": true,
              "fail": false,
              "pending": false,
              "context": null,
              "code": "cy.get('.color').should('have.length', 4).then(function (colors) {\n  for (var i = 0; i < colors.length; i++) {\n    cy.wrap(colors[i]).should('be.visible');\n  }\n});",
              "err": {},
              "uuid": "5376b564-5dc4-4ac7-8bdd-19238ada148b",
              "parentUUID": "3b20f17e-6e0f-4aa4-bf60-064e1858aa0a",
              "isHook": false,
              "skipped": false
            },
            {
              "title": "Verifica se a cor de fundo de cada elemento da paleta é a cor que o elemento representa. **A única cor não permitida na paleta é a cor branca.**",
              "fullTitle": "2 - Adicione à página uma paleta de quatro cores distintas. Verifica se a cor de fundo de cada elemento da paleta é a cor que o elemento representa. **A única cor não permitida na paleta é a cor branca.**",
              "timedOut": null,
              "duration": 316,
              "state": "passed",
              "speed": "slow",
              "pass": true,
              "fail": false,
              "pending": false,
              "context": null,
              "code": "cy.get('.color').each(function (color) {\n  cy.wrap(color).should('have.class', 'color').and('not.have.css', 'background-color', WHITE);\n  cy.wrap(color).should('have.css', 'background-color');\n});",
              "err": {},
              "uuid": "aa4672eb-8dae-497e-9279-93d2de699e17",
              "parentUUID": "3b20f17e-6e0f-4aa4-bf60-064e1858aa0a",
              "isHook": false,
              "skipped": false
            },
            {
              "title": "Verifica se cada elemento da paleta de cores tem uma borda preta, sólida e com 1 pixel de largura;",
              "fullTitle": "2 - Adicione à página uma paleta de quatro cores distintas. Verifica se cada elemento da paleta de cores tem uma borda preta, sólida e com 1 pixel de largura;",
              "timedOut": null,
              "duration": 337,
              "state": "passed",
              "speed": "slow",
              "pass": true,
              "fail": false,
              "pending": false,
              "context": null,
              "code": "cy.get('.color').each(function (color) {\n  cy.wrap(color).and('have.css', 'border', \"1px solid \".concat(BLACK)).and('have.class', 'color');\n});",
              "err": {},
              "uuid": "2d708ff4-9fbf-4a5a-afab-e6366245a582",
              "parentUUID": "3b20f17e-6e0f-4aa4-bf60-064e1858aa0a",
              "isHook": false,
              "skipped": false
            },
            {
              "title": "Verifica se a paleta lista todas as cores disponíveis para utilização, lado a lado.",
              "fullTitle": "2 - Adicione à página uma paleta de quatro cores distintas. Verifica se a paleta lista todas as cores disponíveis para utilização, lado a lado.",
              "timedOut": null,
              "duration": 304,
              "state": "passed",
              "speed": "slow",
              "pass": true,
              "fail": false,
              "pending": false,
              "context": null,
              "code": "cy.get('.color').then(function (colors) {\n  for (var index = 1; index < colors.length; index += 1) {\n    var currentColor = colors[index];\n    var previousColor = colors[index - 1];\n    cy.wrap(currentColor).should('be.onTheRightOf', previousColor).and('be.horizontallyAlignedWith', previousColor);\n  }\n});",
              "err": {},
              "uuid": "af61e170-70f4-429c-8414-fddabfe81b22",
              "parentUUID": "3b20f17e-6e0f-4aa4-bf60-064e1858aa0a",
              "isHook": false,
              "skipped": false
            },
            {
              "title": "Verifica se a paleta de cores está posicionada abaixo do título 'Paleta de Cores'",
              "fullTitle": "2 - Adicione à página uma paleta de quatro cores distintas. Verifica se a paleta de cores está posicionada abaixo do título 'Paleta de Cores'",
              "timedOut": null,
              "duration": 414,
              "state": "passed",
              "speed": "slow",
              "pass": true,
              "fail": false,
              "pending": false,
              "context": null,
              "code": "cy.get('h1#title').then(function (title) {\n  cy.get('#color-palette').should('be.belowOf', title);\n});",
              "err": {},
              "uuid": "f57904bc-08bc-49de-a2f7-ff78fcb70729",
              "parentUUID": "3b20f17e-6e0f-4aa4-bf60-064e1858aa0a",
              "isHook": false,
              "skipped": false
            },
            {
              "title": "Verifica se a paleta de cores não contém cores repetidas.",
              "fullTitle": "2 - Adicione à página uma paleta de quatro cores distintas. Verifica se a paleta de cores não contém cores repetidas.",
              "timedOut": null,
              "duration": 199,
              "state": "passed",
              "speed": "slow",
              "pass": true,
              "fail": false,
              "pending": false,
              "context": null,
              "code": "cy.get('.color').then(function (colors) {\n  var allColors = Array.from(colors).map(function (color) {\n    return Cypress.$(color).css('background-color');\n  });\n  cy.log(allColors);\n  var uniqColors = (0, _toConsumableArray2[\"default\"])(new Set(allColors));\n  cy.log(uniqColors);\n  expect(allColors.length).to.eq(uniqColors.length);\n});",
              "err": {},
              "uuid": "a83943a2-b315-4a13-a812-6265bf6f9819",
              "parentUUID": "3b20f17e-6e0f-4aa4-bf60-064e1858aa0a",
              "isHook": false,
              "skipped": false
            }
          ],
          "suites": [],
          "passes": [
            "11f6d079-3fb7-4ecd-b48a-b16a6c39991d",
            "5376b564-5dc4-4ac7-8bdd-19238ada148b",
            "aa4672eb-8dae-497e-9279-93d2de699e17",
            "2d708ff4-9fbf-4a5a-afab-e6366245a582",
            "af61e170-70f4-429c-8414-fddabfe81b22",
            "f57904bc-08bc-49de-a2f7-ff78fcb70729",
            "a83943a2-b315-4a13-a812-6265bf6f9819"
          ],
          "failures": [],
          "pending": [],
          "skipped": [],
          "duration": 2229,
          "root": false,
          "rootEmpty": false,
          "_timeout": 2000
        },
        {
          "uuid": "7a9f4c91-f094-46f1-aa8b-fce39b5eca5a",
          "title": "3 - Adicione a cor **preta** como a primeira cor da paleta de cores.",
          "fullFile": "",
          "file": "",
          "beforeHooks": [],
          "afterHooks": [],
          "tests": [
            {
              "title": "Verifica se a primeira cor da paleta é preta",
              "fullTitle": "3 - Adicione a cor **preta** como a primeira cor da paleta de cores. Verifica se a primeira cor da paleta é preta",
              "timedOut": null,
              "duration": 384,
              "state": "passed",
              "speed": "slow",
              "pass": true,
              "fail": false,
              "pending": false,
              "context": null,
              "code": "cy.get('.color').first().should('have.css', 'background-color', BLACK);",
              "err": {},
              "uuid": "e955342e-9478-4ce5-8a20-479cea22d5bb",
              "parentUUID": "7a9f4c91-f094-46f1-aa8b-fce39b5eca5a",
              "isHook": false,
              "skipped": false
            },
            {
              "title": "Verifica se as demais cores podem ser escolhidas livremente.",
              "fullTitle": "3 - Adicione a cor **preta** como a primeira cor da paleta de cores. Verifica se as demais cores podem ser escolhidas livremente.",
              "timedOut": null,
              "duration": 358,
              "state": "passed",
              "speed": "slow",
              "pass": true,
              "fail": false,
              "pending": false,
              "context": null,
              "code": "cy.get('.color').eq(1).should('not.have.css', 'background-color', BLACK);\ncy.get('.color').eq(1).should('not.have.css', 'background-color', WHITE);\ncy.get('.color').eq(1).should('not.have.css', 'background-color', 'rgba(0, 0, 0, 0)');\ncy.get('.color').eq(1).should('have.css', 'background-color');\ncy.get('.color').eq(2).should('not.have.css', 'background-color', BLACK);\ncy.get('.color').eq(2).should('not.have.css', 'background-color', WHITE);\ncy.get('.color').eq(2).should('not.have.css', 'background-color', 'rgba(0, 0, 0, 0)');\ncy.get('.color').eq(2).should('have.css', 'background-color');\ncy.get('.color').eq(3).should('not.have.css', 'background-color', BLACK);\ncy.get('.color').eq(3).should('not.have.css', 'background-color', WHITE);\ncy.get('.color').eq(3).should('not.have.css', 'background-color', 'rgba(0, 0, 0, 0)');\ncy.get('.color').eq(3).should('have.css', 'background-color');",
              "err": {},
              "uuid": "b039d41a-0295-46f3-90ce-5282c3cabf52",
              "parentUUID": "7a9f4c91-f094-46f1-aa8b-fce39b5eca5a",
              "isHook": false,
              "skipped": false
            }
          ],
          "suites": [],
          "passes": [
            "e955342e-9478-4ce5-8a20-479cea22d5bb",
            "b039d41a-0295-46f3-90ce-5282c3cabf52"
          ],
          "failures": [],
          "pending": [],
          "skipped": [],
          "duration": 742,
          "root": false,
          "rootEmpty": false,
          "_timeout": 2000
        },
        {
          "uuid": "419ac195-60ff-466f-82ff-6ecfdb684571",
          "title": "4 - Adicione à página um quadro de pixels, com 25 pixels.",
          "fullFile": "",
          "file": "",
          "beforeHooks": [],
          "afterHooks": [],
          "tests": [
            {
              "title": "Verifica se o quadro de pixels possui o `id` denominado `pixel-board`",
              "fullTitle": "4 - Adicione à página um quadro de pixels, com 25 pixels. Verifica se o quadro de pixels possui o `id` denominado `pixel-board`",
              "timedOut": null,
              "duration": 4525,
              "state": "failed",
              "speed": null,
              "pass": false,
              "fail": true,
              "pending": false,
              "context": null,
              "code": "cy.get('#pixel-board').should('be.visible');",
              "err": {
                "message": "CypressError: Timed out retrying: expected '<div#pixel-board>' to be 'visible'\n\nThis element '<div#pixel-board>' is not visible because it has an effective width and height of: '1350 x 0' pixels.",
                "estack": "CypressError: Timed out retrying: expected '<div#pixel-board>' to be 'visible'\n\nThis element '<div#pixel-board>' is not visible because it has an effective width and height of: '1350 x 0' pixels.\n    at cypressErr (http://localhost:34745/__cypress/runner/cypress_runner.js:149934:9)\n    at throwErr (http://localhost:34745/__cypress/runner/cypress_runner.js:149867:11)\n    at Object.throwErrByPath (http://localhost:34745/__cypress/runner/cypress_runner.js:149915:3)\n    at retry (http://localhost:34745/__cypress/runner/cypress_runner.js:144197:19)\n    at onFailFn (http://localhost:34745/__cypress/runner/cypress_runner.js:132448:16)\n    at tryCatcher (http://localhost:34745/__cypress/runner/cypress_runner.js:167415:23)\n    at Promise._settlePromiseFromHandler (http://localhost:34745/__cypress/runner/cypress_runner.js:165351:31)\n    at Promise._settlePromise (http://localhost:34745/__cypress/runner/cypress_runner.js:165408:18)\n    at Promise._settlePromise0 (http://localhost:34745/__cypress/runner/cypress_runner.js:165453:10)\n    at Promise._settlePromises (http://localhost:34745/__cypress/runner/cypress_runner.js:165528:18)\n    at Async../node_modules/bluebird/js/release/async.js.Async._drainQueue (http://localhost:34745/__cypress/runner/cypress_runner.js:162140:16)\n    at Async../node_modules/bluebird/js/release/async.js.Async._drainQueues (http://localhost:34745/__cypress/runner/cypress_runner.js:162150:10)\n    at Async.drainQueues (http://localhost:34745/__cypress/runner/cypress_runner.js:162024:14)",
                "diff": null
              },
              "uuid": "04bf45a4-77d4-4c9d-9f31-7e67ebda0276",
              "parentUUID": "419ac195-60ff-466f-82ff-6ecfdb684571",
              "isHook": false,
              "skipped": false
            },
            {
              "title": "Verifica se cada pixel individual dentro do quadro possui a `classe` denominada `pixel`.",
              "fullTitle": "4 - Adicione à página um quadro de pixels, com 25 pixels. Verifica se cada pixel individual dentro do quadro possui a `classe` denominada `pixel`.",
              "timedOut": null,
              "duration": 228,
              "state": "passed",
              "speed": "slow",
              "pass": true,
              "fail": false,
              "pending": false,
              "context": null,
              "code": "cy.get('.pixel').should('have.length', 25);",
              "err": {},
              "uuid": "0f8e8fd1-4cb1-4f0a-b6c7-9e030c1075e4",
              "parentUUID": "419ac195-60ff-466f-82ff-6ecfdb684571",
              "isHook": false,
              "skipped": false
            },
            {
              "title": "Verifica se a cor inicial dos pixels dentro do quadro, ao abrir a página, é branca.",
              "fullTitle": "4 - Adicione à página um quadro de pixels, com 25 pixels. Verifica se a cor inicial dos pixels dentro do quadro, ao abrir a página, é branca.",
              "timedOut": null,
              "duration": 177,
              "state": "passed",
              "speed": "slow",
              "pass": true,
              "fail": false,
              "pending": false,
              "context": null,
              "code": "cy.get('.pixel').should('have.length', 25).each(function (pixel) {\n  expect(pixel).to.have.css('background-color', WHITE);\n});",
              "err": {},
              "uuid": "a6088139-5df3-425f-99f8-f52304f0b090",
              "parentUUID": "419ac195-60ff-466f-82ff-6ecfdb684571",
              "isHook": false,
              "skipped": false
            },
            {
              "title": "Verifica se o quadro de pixels aparece abaixo da paleta de cores",
              "fullTitle": "4 - Adicione à página um quadro de pixels, com 25 pixels. Verifica se o quadro de pixels aparece abaixo da paleta de cores",
              "timedOut": null,
              "duration": 155,
              "state": "passed",
              "speed": "slow",
              "pass": true,
              "fail": false,
              "pending": false,
              "context": null,
              "code": "cy.get('#color-palette').then(function (palette) {\n  cy.get('#pixel-board').should('be.belowOf', palette);\n});",
              "err": {},
              "uuid": "0661bbf2-fe6e-43a8-9cfa-cdc70732436f",
              "parentUUID": "419ac195-60ff-466f-82ff-6ecfdb684571",
              "isHook": false,
              "skipped": false
            }
          ],
          "suites": [],
          "passes": [
            "0f8e8fd1-4cb1-4f0a-b6c7-9e030c1075e4",
            "a6088139-5df3-425f-99f8-f52304f0b090",
            "0661bbf2-fe6e-43a8-9cfa-cdc70732436f"
          ],
          "failures": [
            "04bf45a4-77d4-4c9d-9f31-7e67ebda0276"
          ],
          "pending": [],
          "skipped": [],
          "duration": 5085,
          "root": false,
          "rootEmpty": false,
          "_timeout": 2000
        },
        {
          "uuid": "2bec48a7-6613-4c0b-9ea8-3195a8b806dc",
          "title": "5 - Faça com que cada elemento do quadro de pixels possua 40 pixels de largura, 40 pixels de altura e seja delimitado por uma borda preta de 1 pixel.",
          "fullFile": "",
          "file": "",
          "beforeHooks": [],
          "afterHooks": [],
          "tests": [
            {
              "title": "Verifica se o quadro de pixels tem altura e comprimento de 5 elementos",
              "fullTitle": "5 - Faça com que cada elemento do quadro de pixels possua 40 pixels de largura, 40 pixels de altura e seja delimitado por uma borda preta de 1 pixel. Verifica se o quadro de pixels tem altura e comprimento de 5 elementos",
              "timedOut": null,
              "duration": 355,
              "state": "passed",
              "speed": "slow",
              "pass": true,
              "fail": false,
              "pending": false,
              "context": null,
              "code": "cy.get('.pixel').should('have.length', 25).each(function (pixel) {\n  expect(pixel).to.have.css('background-color', WHITE);\n}).and(function (pixels) {\n  var rows = chunk(pixels, 5);\n  rows.forEach(function (row) {\n    for (var index = 1; index < row.length; index += 1) {\n      var current = pixels[index];\n      var previous = pixels[index - 1];\n      cy.wrap(current).should('be.onTheRightOf', previous).and('be.horizontallyAlignedWith', previous);\n    }\n  });\n  for (var index = 1; index < 5; index += 1) {\n    expect(pixels[index * 5]).to.be.belowOf(pixels[(index - 1) * 5]);\n  }\n});",
              "err": {},
              "uuid": "25f668f0-24ec-4ea2-a80d-38f3cb47b3a6",
              "parentUUID": "2bec48a7-6613-4c0b-9ea8-3195a8b806dc",
              "isHook": false,
              "skipped": false
            },
            {
              "title": "Verifica se 40 pixels é o tamanho total do elemento, incluindo seu conteúdo e excluindo a borda preta, que deve ser criada à parte.",
              "fullTitle": "5 - Faça com que cada elemento do quadro de pixels possua 40 pixels de largura, 40 pixels de altura e seja delimitado por uma borda preta de 1 pixel. Verifica se 40 pixels é o tamanho total do elemento, incluindo seu conteúdo e excluindo a borda preta, que deve ser criada à parte.",
              "timedOut": null,
              "duration": 4515,
              "state": "failed",
              "speed": null,
              "pass": false,
              "fail": true,
              "pending": false,
              "context": null,
              "code": "cy.get('.pixel').each(function (pixel) {\n  cy.wrap(pixel).should('have.css', 'height', '40px').and('have.css', 'width', '40px').and('have.css', 'border', \"1px solid \".concat(BLACK));\n});",
              "err": {
                "message": "CypressError: Timed out retrying: expected '<spam.pixel>' to have CSS property 'height' with the value '40px', but the value was '0px'",
                "estack": "CypressError: Timed out retrying: expected '<spam.pixel>' to have CSS property 'height' with the value '40px', but the value was '0px'\n    at cypressErr (http://localhost:34745/__cypress/runner/cypress_runner.js:149934:9)\n    at throwErr (http://localhost:34745/__cypress/runner/cypress_runner.js:149867:11)\n    at Object.throwErrByPath (http://localhost:34745/__cypress/runner/cypress_runner.js:149915:3)\n    at retry (http://localhost:34745/__cypress/runner/cypress_runner.js:144197:19)\n    at onFailFn (http://localhost:34745/__cypress/runner/cypress_runner.js:132448:16)\n    at tryCatcher (http://localhost:34745/__cypress/runner/cypress_runner.js:167415:23)\n    at Promise._settlePromiseFromHandler (http://localhost:34745/__cypress/runner/cypress_runner.js:165351:31)\n    at Promise._settlePromise (http://localhost:34745/__cypress/runner/cypress_runner.js:165408:18)\n    at Promise._settlePromise0 (http://localhost:34745/__cypress/runner/cypress_runner.js:165453:10)\n    at Promise._settlePromises (http://localhost:34745/__cypress/runner/cypress_runner.js:165528:18)\n    at Async../node_modules/bluebird/js/release/async.js.Async._drainQueue (http://localhost:34745/__cypress/runner/cypress_runner.js:162140:16)\n    at Async../node_modules/bluebird/js/release/async.js.Async._drainQueues (http://localhost:34745/__cypress/runner/cypress_runner.js:162150:10)\n    at Async.drainQueues (http://localhost:34745/__cypress/runner/cypress_runner.js:162024:14)",
                "diff": null
              },
              "uuid": "9f1815f8-a48d-4e3d-bf28-5024f99c0ced",
              "parentUUID": "2bec48a7-6613-4c0b-9ea8-3195a8b806dc",
              "isHook": false,
              "skipped": false
            }
          ],
          "suites": [],
          "passes": [
            "25f668f0-24ec-4ea2-a80d-38f3cb47b3a6"
          ],
          "failures": [
            "9f1815f8-a48d-4e3d-bf28-5024f99c0ced"
          ],
          "pending": [],
          "skipped": [],
          "duration": 4870,
          "root": false,
          "rootEmpty": false,
          "_timeout": 2000
        },
        {
          "uuid": "fef6563d-1a07-471f-8bd2-42eef84a6c67",
          "title": "6 - Defina a cor preta como cor inicial. Ao carregar a página a cor preta já deve estar selecionada para pintar os pixels",
          "fullFile": "",
          "file": "",
          "beforeHooks": [],
          "afterHooks": [],
          "tests": [
            {
              "title": "Verifica se o elemento da cor preta possui, inicialmente, a `classe` `selected`",
              "fullTitle": "6 - Defina a cor preta como cor inicial. Ao carregar a página a cor preta já deve estar selecionada para pintar os pixels Verifica se o elemento da cor preta possui, inicialmente, a `classe` `selected`",
              "timedOut": null,
              "duration": 4546,
              "state": "failed",
              "speed": null,
              "pass": false,
              "fail": true,
              "pending": false,
              "context": null,
              "code": "cy.get('.selected').first().should('have.css', 'background-color', BLACK);",
              "err": {
                "message": "CypressError: Timed out retrying: Expected to find element: '.selected', but never found it.",
                "estack": "CypressError: Timed out retrying: Expected to find element: '.selected', but never found it.\n    at cypressErr (http://localhost:34745/__cypress/runner/cypress_runner.js:149934:9)\n    at throwErr (http://localhost:34745/__cypress/runner/cypress_runner.js:149867:11)\n    at Object.throwErrByPath (http://localhost:34745/__cypress/runner/cypress_runner.js:149915:3)\n    at retry (http://localhost:34745/__cypress/runner/cypress_runner.js:144197:19)\n    at onFailFn (http://localhost:34745/__cypress/runner/cypress_runner.js:132448:16)\n    at tryCatcher (http://localhost:34745/__cypress/runner/cypress_runner.js:167415:23)\n    at Promise._settlePromiseFromHandler (http://localhost:34745/__cypress/runner/cypress_runner.js:165351:31)\n    at Promise._settlePromise (http://localhost:34745/__cypress/runner/cypress_runner.js:165408:18)\n    at Promise._settlePromise0 (http://localhost:34745/__cypress/runner/cypress_runner.js:165453:10)\n    at Promise._settlePromises (http://localhost:34745/__cypress/runner/cypress_runner.js:165528:18)\n    at Async../node_modules/bluebird/js/release/async.js.Async._drainQueue (http://localhost:34745/__cypress/runner/cypress_runner.js:162140:16)\n    at Async../node_modules/bluebird/js/release/async.js.Async._drainQueues (http://localhost:34745/__cypress/runner/cypress_runner.js:162150:10)\n    at Async.drainQueues (http://localhost:34745/__cypress/runner/cypress_runner.js:162024:14)",
                "diff": null
              },
              "uuid": "80ae2336-42a9-4a2d-9af1-8c1a2e25b26e",
              "parentUUID": "fef6563d-1a07-471f-8bd2-42eef84a6c67",
              "isHook": false,
              "skipped": false
            },
            {
              "title": "Verifica se nenhuma outra cor da paleta tem a `classe` `selected`",
              "fullTitle": "6 - Defina a cor preta como cor inicial. Ao carregar a página a cor preta já deve estar selecionada para pintar os pixels Verifica se nenhuma outra cor da paleta tem a `classe` `selected`",
              "timedOut": null,
              "duration": 261,
              "state": "passed",
              "speed": "slow",
              "pass": true,
              "fail": false,
              "pending": false,
              "context": null,
              "code": "cy.get('.color:not(:first-child)').each(function (color) {\n  cy.wrap(color).should('not.have.class', 'selected');\n});",
              "err": {},
              "uuid": "37dc0442-75ac-4d8f-ba73-6751c2b94e52",
              "parentUUID": "fef6563d-1a07-471f-8bd2-42eef84a6c67",
              "isHook": false,
              "skipped": false
            }
          ],
          "suites": [],
          "passes": [
            "37dc0442-75ac-4d8f-ba73-6751c2b94e52"
          ],
          "failures": [
            "80ae2336-42a9-4a2d-9af1-8c1a2e25b26e"
          ],
          "pending": [],
          "skipped": [],
          "duration": 4807,
          "root": false,
          "rootEmpty": false,
          "_timeout": 2000
        },
        {
          "uuid": "d3bc2b58-ea6c-4bfd-bbfc-8d270e7e00ed",
          "title": "7 - Clicar em uma das cores da paleta, faz com que ela seja selecionada e utilizada para preencher os pixels no quadro.",
          "fullFile": "",
          "file": "",
          "beforeHooks": [],
          "afterHooks": [],
          "tests": [
            {
              "title": "Verifica se somente uma cor da paleta de cores tem a classe `selected` de cada vez",
              "fullTitle": "7 - Clicar em uma das cores da paleta, faz com que ela seja selecionada e utilizada para preencher os pixels no quadro. Verifica se somente uma cor da paleta de cores tem a classe `selected` de cada vez",
              "timedOut": null,
              "duration": 428,
              "state": "failed",
              "speed": null,
              "pass": false,
              "fail": true,
              "pending": false,
              "context": null,
              "code": "cy.get('.color').each(function (selectedColor, selectedColorIndex) {\n  cy.wrap(selectedColor).click();\n  cy.get('.color').each(function (color, colorIndex) {\n    if (colorIndex === selectedColorIndex) {\n      expect(color).to.have[\"class\"]('selected');\n    } else {\n      expect(color).not.to.have[\"class\"]('selected');\n    }\n  });\n});",
              "err": {
                "message": "AssertionError: expected '<spam#black.color>' to have class 'selected'",
                "estack": "AssertionError: expected '<spam#black.color>' to have class 'selected'\n    at callback (http://localhost:34745/__cypress/runner/cypress_runner.js:136947:20)\n    at getRet (http://localhost:34745/__cypress/runner/cypress_runner.js:136585:16)\n    at tryCatcher (http://localhost:34745/__cypress/runner/cypress_runner.js:167415:23)\n    at Function.Promise.attempt.Promise.try (http://localhost:34745/__cypress/runner/cypress_runner.js:164690:29)\n    at thenFn (http://localhost:34745/__cypress/runner/cypress_runner.js:136599:23)\n    at yieldItem (http://localhost:34745/__cypress/runner/cypress_runner.js:136954:16)\n    at tryCatcher (http://localhost:34745/__cypress/runner/cypress_runner.js:167415:23)\n    at Object.gotValue (http://localhost:34745/__cypress/runner/cypress_runner.js:166557:18)\n    at Object.gotAccum (http://localhost:34745/__cypress/runner/cypress_runner.js:166546:25)\n    at Object.tryCatcher (http://localhost:34745/__cypress/runner/cypress_runner.js:167415:23)\n    at Promise._settlePromiseFromHandler (http://localhost:34745/__cypress/runner/cypress_runner.js:165351:31)\n    at Promise._settlePromise (http://localhost:34745/__cypress/runner/cypress_runner.js:165408:18)\n    at Promise._settlePromiseCtx (http://localhost:34745/__cypress/runner/cypress_runner.js:165445:10)\n    at Async../node_modules/bluebird/js/release/async.js.Async._drainQueue (http://localhost:34745/__cypress/runner/cypress_runner.js:162145:12)\n    at Async../node_modules/bluebird/js/release/async.js.Async._drainQueues (http://localhost:34745/__cypress/runner/cypress_runner.js:162150:10)\n    at Async.drainQueues (http://localhost:34745/__cypress/runner/cypress_runner.js:162024:14)",
                "diff": "- { '0': <spam class=\"color\" id=\"black\">preto</spam>,\n-   length: 1,\n-   jquery: '3.1.1',\n-   constructor: \n-    { [Function: jQuery]\n-      fn: \n-       { jquery: '3.1.1',\n-         constructor: [Circular],\n-         length: 0,\n-         toArray: [Function: toArray],\n-         get: [Function: get],\n-         pushStack: [Function: pushStack],\n-         each: [Function: each],\n-         map: [Function: map],\n-         slice: [Function: slice],\n-         first: [Function: first],\n-         last: [Function: last],\n-         eq: [Function: eq],\n-         end: [Function: end],\n-         push: [Function: push],\n-         sort: [Function: sort],\n-         splice: [Function: splice],\n-         extend: [Function],\n-         find: [Function: find],\n-         filter: [Function: filter],\n-         not: [Function: not],\n-         is: [Function: is],\n-         init: [Function],\n-         has: [Function: has],\n-         closest: [Function: closest],\n-         index: [Function: index],\n-         add: [Function: add],\n-         addBack: [Function: addBack],\n-         parent: [Function],\n-         parents: [Function],\n-         parentsUntil: [Function],\n-         next: [Function],\n-         prev: [Function],\n-         nextAll: [Function],\n-         prevAll: [Function],\n-         nextUntil: [Function],\n-         prevUntil: [Function],\n-         siblings: [Function],\n-         children: [Function],\n-         contents: [Function],\n-         ready: [Function],\n-         data: [Function: data],\n-         removeData: [Function: removeData],\n-         queue: [Function: queue],\n-         dequeue: [Function: dequeue],\n-         clearQueue: [Function: clearQueue],\n-         promise: [Function: promise],\n-         show: [Function],\n-         hide: [Function],\n-         toggle: [Function],\n-         on: [Function: on],\n-         one: [Function: one],\n-         off: [Function: off],\n-         detach: [Function: detach],\n-         remove: [Function: remove],\n-         text: [Function: text],\n-         append: [Function: append],\n-         prepend: [Function: prepend],\n-         before: [Function: before],\n-         after: [Function: after],\n-         empty: [Function: empty],\n-         clone: [Function: clone],\n-         html: [Function: html],\n-         replaceWith: [Function: replaceWith],\n-         appendTo: [Function],\n-         prependTo: [Function],\n-         insertBefore: [Function],\n-         insertAfter: [Function],\n-         replaceAll: [Function],\n-         css: [Function: css],\n-         fadeTo: [Function: fadeTo],\n-         animate: [Function: animate],\n-         stop: [Function: stop],\n-         finish: [Function: finish],\n-         slideDown: [Function],\n-         slideUp: [Function],\n-         slideToggle: [Function],\n-         fadeIn: [Function],\n-         fadeOut: [Function],\n-         fadeToggle: [Function],\n-         delay: [Function],\n-         attr: [Function: attr],\n-         removeAttr: [Function: removeAttr],\n-         prop: [Function: prop],\n-         removeProp: [Function: removeProp],\n-         addClass: [Function: addClass],\n-         removeClass: [Function: removeClass],\n-         toggleClass: [Function: toggleClass],\n-         hasClass: [Function: hasClass],\n-         val: [Function: val],\n-         trigger: [Function: trigger],\n-         triggerHandler: [Function: triggerHandler],\n-         blur: [Function],\n-         focus: [Function],\n-         focusin: [Function],\n-         focusout: [Function],\n-         resize: [Function],\n-         scroll: [Function],\n-         click: [Function],\n-         dblclick: [Function],\n-         mousedown: [Function],\n-         mouseup: [Function],\n-         mousemove: [Function],\n-         mouseover: [Function],\n-         mouseout: [Function],\n-         mouseenter: [Function],\n-         mouseleave: [Function],\n-         change: [Function],\n-         select: [Function],\n-         submit: [Function],\n-         keydown: [Function],\n-         keypress: [Function],\n-         keyup: [Function],\n-         contextmenu: [Function],\n-         hover: [Function: hover],\n-         serialize: [Function: serialize],\n-         serializeArray: [Function: serializeArray],\n-         wrapAll: [Function: wrapAll],\n-         wrapInner: [Function: wrapInner],\n-         wrap: [Function: wrap],\n-         unwrap: [Function: unwrap],\n-         load: [Function],\n-         ajaxStart: [Function],\n-         ajaxStop: [Function],\n-         ajaxComplete: [Function],\n-         ajaxError: [Function],\n-         ajaxSuccess: [Function],\n-         ajaxSend: [Function],\n-         offset: [Function: offset],\n-         position: [Function: position],\n-         offsetParent: [Function: offsetParent],\n-         scrollLeft: [Function],\n-         scrollTop: [Function],\n-         innerHeight: [Function],\n-         height: [Function],\n-         outerHeight: [Function],\n-         innerWidth: [Function],\n-         width: [Function],\n-         outerWidth: [Function],\n-         bind: [Function: bind],\n-         unbind: [Function: unbind],\n-         delegate: [Function: delegate],\n-         undelegate: [Function: undelegate],\n-         scrollTo: [Function] },\n-      extend: [Function],\n-      expando: 'jQuery311024985531942292427',\n-      isReady: true,\n-      error: [Function: error],\n-      noop: [Function: noop],\n-      isFunction: [Function: isFunction],\n-      isArray: [Function: isArray],\n-      isWindow: [Function: isWindow],\n-      isNumeric: [Function: isNumeric],\n-      isPlainObject: [Function: isPlainObject],\n-      isEmptyObject: [Function: isEmptyObject],\n-      type: [Function: type],\n-      globalEval: [Function: globalEval],\n-      camelCase: [Function: camelCase],\n-      nodeName: [Function: nodeName],\n-      each: [Function: each],\n-      trim: [Function: trim],\n-      makeArray: [Function: makeArray],\n-      inArray: [Function: inArray],\n-      merge: [Function: merge],\n-      grep: [Function: grep],\n-      map: [Function: map],\n-      guid: 7,\n-      proxy: [Function: proxy],\n-      now: [Function: now],\n-      support: \n-       { checkClone: true,\n-         noCloneChecked: true,\n-         clearCloneStyle: true,\n-         pixelPosition: [Function: pixelPosition],\n-         boxSizingReliable: [Function: boxSizingReliable],\n-         pixelMarginRight: [Function: pixelMarginRight],\n-         reliableMarginLeft: [Function: reliableMarginLeft],\n-         checkOn: true,\n-         optSelected: true,\n-         radioValue: true,\n-         focusin: false,\n-         cors: true,\n-         ajax: true,\n-         createHTMLDocument: true },\n-      find: \n-       { [Function: Sizzle]\n-         support: [Object],\n-         isXML: [Function],\n-         setDocument: [Function],\n-         matches: [Function],\n-         matchesSelector: [Function],\n-         contains: [Function],\n-         attr: [Function],\n-         escape: [Function],\n-         error: [Function],\n-         uniqueSort: [Function],\n-         getText: [Function],\n-         selectors: [Object],\n-         tokenize: [Function],\n-         compile: [Function],\n-         select: [Function] },\n-      expr: \n-       { cacheLength: 1,\n-         createPseudo: [Function: markFunction],\n-         match: [Object],\n-         attrHandle: [Object],\n-         find: [Object],\n-         relative: [Object],\n-         preFilter: [Object],\n-         filter: [Object],\n-         pseudos: [Object],\n-         filters: [Object],\n-         setFilters: [Object],\n-         ':': [Object] },\n-      unique: [Function],\n-      uniqueSort: [Function],\n-      text: [Function],\n-      isXMLDoc: [Function],\n-      contains: [Function],\n-      escapeSelector: [Function],\n-      filter: [Function],\n-      Callbacks: [Function],\n-      Deferred: { [Function: Deferred] exceptionHook: [Function] },\n-      when: [Function: when],\n-      readyException: [Function],\n-      readyWait: 0,\n-      holdReady: [Function: holdReady],\n-      ready: { [Function: ready] then: [Function: then] },\n-      hasData: [Function: hasData],\n-      data: [Function: data],\n-      removeData: [Function: removeData],\n-      _data: [Function: _data],\n-      _removeData: [Function: _removeData],\n-      queue: [Function: queue],\n-      dequeue: [Function: dequeue],\n-      _queueHooks: [Function: _queueHooks],\n-      event: \n-       { global: [Object],\n-         add: [Function: add],\n-         remove: [Function: remove],\n-         dispatch: [Function: dispatch],\n-         handlers: [Function: handlers],\n-         addProp: [Function: addProp],\n-         fix: [Function: fix],\n-         special: [Object],\n-         trigger: [Function: trigger],\n-         simulate: [Function: simulate] },\n-      removeEvent: [Function],\n-      Event: [Function],\n-      htmlPrefilter: [Function: htmlPrefilter],\n-      clone: [Function: clone],\n-      cleanData: [Function: cleanData],\n-      cssHooks: \n-       { opacity: [Object],\n-         height: [Object],\n-         width: [Object],\n-         marginLeft: [Object],\n-         margin: [Object],\n-         padding: [Object],\n-         borderWidth: [Object],\n-         top: [Object],\n-         left: [Object] },\n-      cssNumber: \n-       { animationIterationCount: true,\n-         columnCount: true,\n-         fillOpacity: true,\n-         flexGrow: true,\n-         flexShrink: true,\n-         fontWeight: true,\n-         lineHeight: true,\n-         opacity: true,\n-         order: true,\n-         orphans: true,\n-         widows: true,\n-         zIndex: true,\n-         zoom: true },\n-      cssProps: \n-       { float: 'cssFloat',\n-         width: 'width',\n-         display: 'display',\n-         boxSizing: 'boxSizing',\n-         height: 'height',\n-         overflow: 'overflow',\n-         overflowY: 'overflowY',\n-         overflowX: 'overflowX',\n-         visibility: 'visibility',\n-         position: 'position',\n-         backgroundColor: 'backgroundColor',\n-         border: 'border',\n-         paddingRight: 'paddingRight',\n-         borderRightWidth: 'borderRightWidth',\n-         paddingLeft: 'paddingLeft',\n-         borderLeftWidth: 'borderLeftWidth',\n-         paddingTop: 'paddingTop',\n-         borderTopWidth: 'borderTopWidth',\n-         paddingBottom: 'paddingBottom',\n-         borderBottomWidth: 'borderBottomWidth' },\n-      style: [Function: style],\n-      css: [Function: css],\n-      Tween: { [Function: Tween] propHooks: [Object] },\n-      easing: \n-       { linear: [Function: linear],\n-         swing: [Function: swing],\n-         _default: 'swing' },\n-      fx: \n-       { [Function: init]\n-         step: {},\n-         tick: [Function],\n-         timer: [Function],\n-         interval: 13,\n-         start: [Function],\n-         stop: [Function],\n-         speeds: [Object] },\n-      Animation: \n-       { [Function: Animation]\n-         tweeners: [Object],\n-         tweener: [Function: tweener],\n-         prefilters: [Object],\n-         prefilter: [Function: prefilter] },\n-      speed: [Function],\n-      timers: [],\n-      attr: [Function: attr],\n-      attrHooks: { type: [Object] },\n-      removeAttr: [Function: removeAttr],\n-      prop: [Function: prop],\n-      propHooks: { tabIndex: [Object] },\n-      propFix: \n-       { for: 'htmlFor',\n-         class: 'className',\n-         tabindex: 'tabIndex',\n-         readonly: 'readOnly',\n-         maxlength: 'maxLength',\n-         cellspacing: 'cellSpacing',\n-         cellpadding: 'cellPadding',\n-         rowspan: 'rowSpan',\n-         colspan: 'colSpan',\n-         usemap: 'useMap',\n-         frameborder: 'frameBorder',\n-         contenteditable: 'contentEditable' },\n-      valHooks: \n-       { option: [Object],\n-         select: [Object],\n-         radio: [Object],\n-         checkbox: [Object] },\n-      parseXML: [Function],\n-      param: [Function],\n-      active: 0,\n-      lastModified: {},\n-      etag: {},\n-      ajaxSettings: \n-       { url: 'http://localhost:34745/__/#/tests/integration/project.spec.js',\n-         type: 'GET',\n-         isLocal: false,\n-         global: true,\n-         processData: true,\n-         async: true,\n-         contentType: 'application/x-www-form-urlencoded; charset=UTF-8',\n-         accepts: [Object],\n-         contents: [Object],\n-         responseFields: [Object],\n-         converters: [Object],\n-         flatOptions: [Object],\n-         xhr: [Function],\n-         jsonp: 'callback',\n-         jsonpCallback: [Function: jsonpCallback],\n-         cache: false },\n-      ajaxSetup: [Function: ajaxSetup],\n-      ajaxPrefilter: [Function],\n-      ajaxTransport: [Function],\n-      ajax: [Function: ajax],\n-      getJSON: [Function: getJSON],\n-      getScript: [Function: getScript],\n-      get: [Function],\n-      post: [Function],\n-      _evalUrl: [Function],\n-      parseHTML: [Function],\n-      offset: { setOffset: [Function: setOffset] },\n-      parseJSON: [Function: parse],\n-      noConflict: [Function],\n-      scrollTo: { [Function] defaults: [Object], max: [Function] } },\n-   toArray: [Function: toArray],\n-   get: [Function: get],\n-   pushStack: [Function: pushStack],\n-   each: [Function: each],\n-   map: [Function: map],\n-   slice: [Function: slice],\n-   first: [Function: first],\n-   last: [Function: last],\n-   eq: [Function: eq],\n-   end: [Function: end],\n-   push: [Function: push],\n-   sort: [Function: sort],\n-   splice: [Function: splice],\n-   extend: [Function],\n-   find: [Function: find],\n-   filter: [Function: filter],\n-   not: [Function: not],\n-   is: [Function: is],\n-   init: [Function],\n-   has: [Function: has],\n-   closest: [Function: closest],\n-   index: [Function: index],\n-   add: [Function: add],\n-   addBack: [Function: addBack],\n-   parent: [Function],\n-   parents: [Function],\n-   parentsUntil: [Function],\n-   next: [Function],\n-   prev: [Function],\n-   nextAll: [Function],\n-   prevAll: [Function],\n-   nextUntil: [Function],\n-   prevUntil: [Function],\n-   siblings: [Function],\n-   children: [Function],\n-   contents: [Function],\n-   ready: [Function],\n-   data: [Function: data],\n-   removeData: [Function: removeData],\n-   queue: [Function: queue],\n-   dequeue: [Function: dequeue],\n-   clearQueue: [Function: clearQueue],\n-   promise: [Function: promise],\n-   show: [Function],\n-   hide: [Function],\n-   toggle: [Function],\n-   on: [Function: on],\n-   one: [Function: one],\n-   off: [Function: off],\n-   detach: [Function: detach],\n-   remove: [Function: remove],\n-   text: [Function: text],\n-   append: [Function: append],\n-   prepend: [Function: prepend],\n-   before: [Function: before],\n-   after: [Function: after],\n-   empty: [Function: empty],\n-   clone: [Function: clone],\n-   html: [Function: html],\n-   replaceWith: [Function: replaceWith],\n-   appendTo: [Function],\n-   prependTo: [Function],\n-   insertBefore: [Function],\n-   insertAfter: [Function],\n-   replaceAll: [Function],\n-   css: [Function: css],\n-   fadeTo: [Function: fadeTo],\n-   animate: [Function: animate],\n-   stop: [Function: stop],\n-   finish: [Function: finish],\n-   slideDown: [Function],\n-   slideUp: [Function],\n-   slideToggle: [Function],\n-   fadeIn: [Function],\n-   fadeOut: [Function],\n-   fadeToggle: [Function],\n-   delay: [Function],\n-   attr: [Function: attr],\n-   removeAttr: [Function: removeAttr],\n-   prop: [Function: prop],\n-   removeProp: [Function: removeProp],\n-   addClass: [Function: addClass],\n-   removeClass: [Function: removeClass],\n-   toggleClass: [Function: toggleClass],\n-   hasClass: [Function: hasClass],\n-   val: [Function: val],\n-   trigger: [Function: trigger],\n-   triggerHandler: [Function: triggerHandler],\n-   blur: [Function],\n-   focus: [Function],\n-   focusin: [Function],\n-   focusout: [Function],\n-   resize: [Function],\n-   scroll: [Function],\n-   click: [Function],\n-   dblclick: [Function],\n-   mousedown: [Function],\n-   mouseup: [Function],\n-   mousemove: [Function],\n-   mouseover: [Function],\n-   mouseout: [Function],\n-   mouseenter: [Function],\n-   mouseleave: [Function],\n-   change: [Function],\n-   select: [Function],\n-   submit: [Function],\n-   keydown: [Function],\n-   keypress: [Function],\n-   keyup: [Function],\n-   contextmenu: [Function],\n-   hover: [Function: hover],\n-   serialize: [Function: serialize],\n-   serializeArray: [Function: serializeArray],\n-   wrapAll: [Function: wrapAll],\n-   wrapInner: [Function: wrapInner],\n-   wrap: [Function: wrap],\n-   unwrap: [Function: unwrap],\n-   load: [Function],\n-   ajaxStart: [Function],\n-   ajaxStop: [Function],\n-   ajaxComplete: [Function],\n-   ajaxError: [Function],\n-   ajaxSuccess: [Function],\n-   ajaxSend: [Function],\n-   offset: [Function: offset],\n-   position: [Function: position],\n-   offsetParent: [Function: offsetParent],\n-   scrollLeft: [Function],\n-   scrollTop: [Function],\n-   innerHeight: [Function],\n-   height: [Function],\n-   outerHeight: [Function],\n-   innerWidth: [Function],\n-   width: [Function],\n-   outerWidth: [Function],\n-   bind: [Function: bind],\n-   unbind: [Function: unbind],\n-   delegate: [Function: delegate],\n-   undelegate: [Function: undelegate],\n-   scrollTo: [Function] }\n+ 'selected'\n"
              },
              "uuid": "d8b06518-0e5f-40cb-839d-cc827531e97c",
              "parentUUID": "d3bc2b58-ea6c-4bfd-bbfc-8d270e7e00ed",
              "isHook": false,
              "skipped": false
            },
            {
              "title": "Verifica se os pixels dentro do quadro não têm a classe `selected` quando são clicados",
              "fullTitle": "7 - Clicar em uma das cores da paleta, faz com que ela seja selecionada e utilizada para preencher os pixels no quadro. Verifica se os pixels dentro do quadro não têm a classe `selected` quando são clicados",
              "timedOut": null,
              "duration": 5151,
              "state": "failed",
              "speed": null,
              "pass": false,
              "fail": true,
              "pending": false,
              "context": null,
              "code": "cy.get('.color').each(function (color) {\n  var backgroundColor = color.css('background-color');\n  cy.wrap(color).click();\n  cy.get('.pixel').each(function (pixel) {\n    cy.wrap(pixel).click().should('not.have.class', 'selected');\n  });\n});",
              "err": {
                "message": "CypressError: Timed out retrying: cy.click() failed because this element is not visible:\n\n<spam class=\"pixel\"></spam>\n\nThis element '<spam.pixel>' is not visible because it has an effective width and height of: '0 x 0' pixels.\n\nFix this problem, or use {force: true} to disable error checking.\n\nhttps://on.cypress.io/element-cannot-be-interacted-with",
                "estack": "CypressError: Timed out retrying: cy.click() failed because this element is not visible:\n\n<spam class=\"pixel\"></spam>\n\nThis element '<spam.pixel>' is not visible because it has an effective width and height of: '0 x 0' pixels.\n\nFix this problem, or use {force: true} to disable error checking.\n\nhttps://on.cypress.io/element-cannot-be-interacted-with\n    at cypressErr (http://localhost:34745/__cypress/runner/cypress_runner.js:149934:9)\n    at throwErr (http://localhost:34745/__cypress/runner/cypress_runner.js:149867:11)\n    at Object.throwErrByPath (http://localhost:34745/__cypress/runner/cypress_runner.js:149915:3)\n    at Object.retry (http://localhost:34745/__cypress/runner/cypress_runner.js:144197:19)\n    at retryActionability (http://localhost:34745/__cypress/runner/cypress_runner.js:132052:19)\n    at tryCatcher (http://localhost:34745/__cypress/runner/cypress_runner.js:167415:23)\n    at Function.Promise.attempt.Promise.try (http://localhost:34745/__cypress/runner/cypress_runner.js:164690:29)\n    at tryFn (http://localhost:34745/__cypress/runner/cypress_runner.js:144661:21)\n    at whenStable (http://localhost:34745/__cypress/runner/cypress_runner.js:144696:12)\n    at http://localhost:34745/__cypress/runner/cypress_runner.js:144240:16\n    at tryCatcher (http://localhost:34745/__cypress/runner/cypress_runner.js:167415:23)\n    at Promise._settlePromiseFromHandler (http://localhost:34745/__cypress/runner/cypress_runner.js:165351:31)\n    at Promise._settlePromise (http://localhost:34745/__cypress/runner/cypress_runner.js:165408:18)\n    at Promise._settlePromise0 (http://localhost:34745/__cypress/runner/cypress_runner.js:165453:10)\n    at Promise._settlePromises (http://localhost:34745/__cypress/runner/cypress_runner.js:165532:18)\n    at Promise._fulfill (http://localhost:34745/__cypress/runner/cypress_runner.js:165477:18)",
                "diff": null
              },
              "uuid": "33f98ea6-db73-4483-af1c-b1ffd27ce7ff",
              "parentUUID": "d3bc2b58-ea6c-4bfd-bbfc-8d270e7e00ed",
              "isHook": false,
              "skipped": false
            }
          ],
          "suites": [],
          "passes": [],
          "failures": [
            "d8b06518-0e5f-40cb-839d-cc827531e97c",
            "33f98ea6-db73-4483-af1c-b1ffd27ce7ff"
          ],
          "pending": [],
          "skipped": [],
          "duration": 5579,
          "root": false,
          "rootEmpty": false,
          "_timeout": 2000
        },
        {
          "uuid": "0248fb07-54c9-4372-8b1f-14a4fb952f14",
          "title": "8 - Clicar em um pixel dentro do quadro após selecionar uma cor na paleta, faz com que o pixel seja preenchido com a cor selecionada.",
          "fullFile": "",
          "file": "",
          "beforeHooks": [],
          "afterHooks": [],
          "tests": [
            {
              "title": "Verifica se ao carregar a página deve ser possível pintar os pixels de preto",
              "fullTitle": "8 - Clicar em um pixel dentro do quadro após selecionar uma cor na paleta, faz com que o pixel seja preenchido com a cor selecionada. Verifica se ao carregar a página deve ser possível pintar os pixels de preto",
              "timedOut": null,
              "duration": 4723,
              "state": "failed",
              "speed": null,
              "pass": false,
              "fail": true,
              "pending": false,
              "context": null,
              "code": "cy.get('.pixel').each(function (pixel) {\n  cy.wrap(pixel).click().should('have.css', 'background-color', BLACK);\n});",
              "err": {
                "message": "CypressError: Timed out retrying: cy.click() failed because this element is not visible:\n\n<spam class=\"pixel\"></spam>\n\nThis element '<spam.pixel>' is not visible because it has an effective width and height of: '0 x 0' pixels.\n\nFix this problem, or use {force: true} to disable error checking.\n\nhttps://on.cypress.io/element-cannot-be-interacted-with",
                "estack": "CypressError: Timed out retrying: cy.click() failed because this element is not visible:\n\n<spam class=\"pixel\"></spam>\n\nThis element '<spam.pixel>' is not visible because it has an effective width and height of: '0 x 0' pixels.\n\nFix this problem, or use {force: true} to disable error checking.\n\nhttps://on.cypress.io/element-cannot-be-interacted-with\n    at cypressErr (http://localhost:34745/__cypress/runner/cypress_runner.js:149934:9)\n    at throwErr (http://localhost:34745/__cypress/runner/cypress_runner.js:149867:11)\n    at Object.throwErrByPath (http://localhost:34745/__cypress/runner/cypress_runner.js:149915:3)\n    at Object.retry (http://localhost:34745/__cypress/runner/cypress_runner.js:144197:19)\n    at retryActionability (http://localhost:34745/__cypress/runner/cypress_runner.js:132052:19)\n    at tryCatcher (http://localhost:34745/__cypress/runner/cypress_runner.js:167415:23)\n    at Function.Promise.attempt.Promise.try (http://localhost:34745/__cypress/runner/cypress_runner.js:164690:29)\n    at tryFn (http://localhost:34745/__cypress/runner/cypress_runner.js:144661:21)\n    at whenStable (http://localhost:34745/__cypress/runner/cypress_runner.js:144696:12)\n    at http://localhost:34745/__cypress/runner/cypress_runner.js:144240:16\n    at tryCatcher (http://localhost:34745/__cypress/runner/cypress_runner.js:167415:23)\n    at Promise._settlePromiseFromHandler (http://localhost:34745/__cypress/runner/cypress_runner.js:165351:31)\n    at Promise._settlePromise (http://localhost:34745/__cypress/runner/cypress_runner.js:165408:18)\n    at Promise._settlePromise0 (http://localhost:34745/__cypress/runner/cypress_runner.js:165453:10)\n    at Promise._settlePromises (http://localhost:34745/__cypress/runner/cypress_runner.js:165532:18)\n    at Promise._fulfill (http://localhost:34745/__cypress/runner/cypress_runner.js:165477:18)",
                "diff": null
              },
              "uuid": "9b7a917c-412f-497a-a5e6-a8ac8e9d44b6",
              "parentUUID": "0248fb07-54c9-4372-8b1f-14a4fb952f14",
              "isHook": false,
              "skipped": false
            },
            {
              "title": "Verifica se após selecionar uma outra cor na paleta, é possível pintar os pixels com essa cor",
              "fullTitle": "8 - Clicar em um pixel dentro do quadro após selecionar uma cor na paleta, faz com que o pixel seja preenchido com a cor selecionada. Verifica se após selecionar uma outra cor na paleta, é possível pintar os pixels com essa cor",
              "timedOut": null,
              "duration": 4804,
              "state": "failed",
              "speed": null,
              "pass": false,
              "fail": true,
              "pending": false,
              "context": null,
              "code": "cy.get('.color').each(function (color) {\n  var backgroundColor = color.css('background-color');\n  cy.wrap(color).click();\n  cy.get('.pixel').each(function (pixel) {\n    cy.wrap(pixel).click().should('have.css', 'background-color', backgroundColor);\n  });\n});",
              "err": {
                "message": "CypressError: Timed out retrying: cy.click() failed because this element is not visible:\n\n<spam class=\"pixel\"></spam>\n\nThis element '<spam.pixel>' is not visible because it has an effective width and height of: '0 x 0' pixels.\n\nFix this problem, or use {force: true} to disable error checking.\n\nhttps://on.cypress.io/element-cannot-be-interacted-with",
                "estack": "CypressError: Timed out retrying: cy.click() failed because this element is not visible:\n\n<spam class=\"pixel\"></spam>\n\nThis element '<spam.pixel>' is not visible because it has an effective width and height of: '0 x 0' pixels.\n\nFix this problem, or use {force: true} to disable error checking.\n\nhttps://on.cypress.io/element-cannot-be-interacted-with\n    at cypressErr (http://localhost:34745/__cypress/runner/cypress_runner.js:149934:9)\n    at throwErr (http://localhost:34745/__cypress/runner/cypress_runner.js:149867:11)\n    at Object.throwErrByPath (http://localhost:34745/__cypress/runner/cypress_runner.js:149915:3)\n    at Object.retry (http://localhost:34745/__cypress/runner/cypress_runner.js:144197:19)\n    at retryActionability (http://localhost:34745/__cypress/runner/cypress_runner.js:132052:19)\n    at tryCatcher (http://localhost:34745/__cypress/runner/cypress_runner.js:167415:23)\n    at Function.Promise.attempt.Promise.try (http://localhost:34745/__cypress/runner/cypress_runner.js:164690:29)\n    at tryFn (http://localhost:34745/__cypress/runner/cypress_runner.js:144661:21)\n    at whenStable (http://localhost:34745/__cypress/runner/cypress_runner.js:144696:12)\n    at http://localhost:34745/__cypress/runner/cypress_runner.js:144240:16\n    at tryCatcher (http://localhost:34745/__cypress/runner/cypress_runner.js:167415:23)\n    at Promise._settlePromiseFromHandler (http://localhost:34745/__cypress/runner/cypress_runner.js:165351:31)\n    at Promise._settlePromise (http://localhost:34745/__cypress/runner/cypress_runner.js:165408:18)\n    at Promise._settlePromise0 (http://localhost:34745/__cypress/runner/cypress_runner.js:165453:10)\n    at Promise._settlePromises (http://localhost:34745/__cypress/runner/cypress_runner.js:165532:18)\n    at Promise._fulfill (http://localhost:34745/__cypress/runner/cypress_runner.js:165477:18)",
                "diff": null
              },
              "uuid": "fd91f234-ad16-4ba7-acc7-1705bf3afc6c",
              "parentUUID": "0248fb07-54c9-4372-8b1f-14a4fb952f14",
              "isHook": false,
              "skipped": false
            },
            {
              "title": "Verifica se somente o pixel que foi clicado foi preenchido com a cor selecionada, sem influenciar na cor dos demais pixels.",
              "fullTitle": "8 - Clicar em um pixel dentro do quadro após selecionar uma cor na paleta, faz com que o pixel seja preenchido com a cor selecionada. Verifica se somente o pixel que foi clicado foi preenchido com a cor selecionada, sem influenciar na cor dos demais pixels.",
              "timedOut": null,
              "duration": 4728,
              "state": "failed",
              "speed": null,
              "pass": false,
              "fail": true,
              "pending": false,
              "context": null,
              "code": "var colorToPixelIndexMap = {\n  0: 6,\n  1: 8,\n  2: 16,\n  3: 18\n};\ncy.get('.color').each(function (color, index) {\n  cy.wrap(color).click();\n  var backgroundColor = color.css('background-color');\n  var clickedPixelIndex = colorToPixelIndexMap[index];\n  cy.get('.pixel').eq(clickedPixelIndex).click();\n  cy.get('.pixel').eq(clickedPixelIndex - 1).should('not.have.css', 'background-color', backgroundColor);\n  cy.get('.pixel').eq(clickedPixelIndex + 1).should('not.have.css', 'background-color', backgroundColor);\n  cy.get('.pixel').eq(clickedPixelIndex - 5).should('not.have.css', 'background-color', backgroundColor);\n  cy.get('.pixel').eq(clickedPixelIndex + 5).should('not.have.css', 'background-color', backgroundColor);\n  cy.get('.pixel').eq(clickedPixelIndex - 6).should('not.have.css', 'background-color', backgroundColor);\n  cy.get('.pixel').eq(clickedPixelIndex - 4).should('not.have.css', 'background-color', backgroundColor);\n  cy.get('.pixel').eq(clickedPixelIndex + 4).should('not.have.css', 'background-color', backgroundColor);\n  cy.get('.pixel').eq(clickedPixelIndex + 6).should('not.have.css', 'background-color', backgroundColor);\n});",
              "err": {
                "message": "CypressError: Timed out retrying: cy.click() failed because this element is not visible:\n\n<spam class=\"pixel\"></spam>\n\nThis element '<spam.pixel>' is not visible because it has an effective width and height of: '0 x 0' pixels.\n\nFix this problem, or use {force: true} to disable error checking.\n\nhttps://on.cypress.io/element-cannot-be-interacted-with",
                "estack": "CypressError: Timed out retrying: cy.click() failed because this element is not visible:\n\n<spam class=\"pixel\"></spam>\n\nThis element '<spam.pixel>' is not visible because it has an effective width and height of: '0 x 0' pixels.\n\nFix this problem, or use {force: true} to disable error checking.\n\nhttps://on.cypress.io/element-cannot-be-interacted-with\n    at cypressErr (http://localhost:34745/__cypress/runner/cypress_runner.js:149934:9)\n    at throwErr (http://localhost:34745/__cypress/runner/cypress_runner.js:149867:11)\n    at Object.throwErrByPath (http://localhost:34745/__cypress/runner/cypress_runner.js:149915:3)\n    at Object.retry (http://localhost:34745/__cypress/runner/cypress_runner.js:144197:19)\n    at retryActionability (http://localhost:34745/__cypress/runner/cypress_runner.js:132052:19)\n    at tryCatcher (http://localhost:34745/__cypress/runner/cypress_runner.js:167415:23)\n    at Function.Promise.attempt.Promise.try (http://localhost:34745/__cypress/runner/cypress_runner.js:164690:29)\n    at tryFn (http://localhost:34745/__cypress/runner/cypress_runner.js:144661:21)\n    at whenStable (http://localhost:34745/__cypress/runner/cypress_runner.js:144696:12)\n    at http://localhost:34745/__cypress/runner/cypress_runner.js:144240:16\n    at tryCatcher (http://localhost:34745/__cypress/runner/cypress_runner.js:167415:23)\n    at Promise._settlePromiseFromHandler (http://localhost:34745/__cypress/runner/cypress_runner.js:165351:31)\n    at Promise._settlePromise (http://localhost:34745/__cypress/runner/cypress_runner.js:165408:18)\n    at Promise._settlePromise0 (http://localhost:34745/__cypress/runner/cypress_runner.js:165453:10)\n    at Promise._settlePromises (http://localhost:34745/__cypress/runner/cypress_runner.js:165532:18)\n    at Promise._fulfill (http://localhost:34745/__cypress/runner/cypress_runner.js:165477:18)",
                "diff": null
              },
              "uuid": "78a40ccf-02d8-4e60-b63e-426074459d2f",
              "parentUUID": "0248fb07-54c9-4372-8b1f-14a4fb952f14",
              "isHook": false,
              "skipped": false
            }
          ],
          "suites": [],
          "passes": [],
          "failures": [
            "9b7a917c-412f-497a-a5e6-a8ac8e9d44b6",
            "fd91f234-ad16-4ba7-acc7-1705bf3afc6c",
            "78a40ccf-02d8-4e60-b63e-426074459d2f"
          ],
          "pending": [],
          "skipped": [],
          "duration": 14255,
          "root": false,
          "rootEmpty": false,
          "_timeout": 2000
        },
        {
          "uuid": "f02782ac-ca4d-4095-8595-ccd8552b3e57",
          "title": "9 - Crie um botão que, ao ser clicado, limpa o quadro preenchendo a cor de todos seus pixels com branco.",
          "fullFile": "",
          "file": "",
          "beforeHooks": [],
          "afterHooks": [],
          "tests": [
            {
              "title": "Verifica se o botão tem o `id` denominado `clear-board`",
              "fullTitle": "9 - Crie um botão que, ao ser clicado, limpa o quadro preenchendo a cor de todos seus pixels com branco. Verifica se o botão tem o `id` denominado `clear-board`",
              "timedOut": null,
              "duration": 4610,
              "state": "failed",
              "speed": null,
              "pass": false,
              "fail": true,
              "pending": false,
              "context": null,
              "code": "cy.get('#clear-board').should('be.visible');",
              "err": {
                "message": "CypressError: Timed out retrying: Expected to find element: '#clear-board', but never found it.",
                "estack": "CypressError: Timed out retrying: Expected to find element: '#clear-board', but never found it.\n    at cypressErr (http://localhost:34745/__cypress/runner/cypress_runner.js:149934:9)\n    at throwErr (http://localhost:34745/__cypress/runner/cypress_runner.js:149867:11)\n    at Object.throwErrByPath (http://localhost:34745/__cypress/runner/cypress_runner.js:149915:3)\n    at retry (http://localhost:34745/__cypress/runner/cypress_runner.js:144197:19)\n    at onFailFn (http://localhost:34745/__cypress/runner/cypress_runner.js:132448:16)\n    at tryCatcher (http://localhost:34745/__cypress/runner/cypress_runner.js:167415:23)\n    at Promise._settlePromiseFromHandler (http://localhost:34745/__cypress/runner/cypress_runner.js:165351:31)\n    at Promise._settlePromise (http://localhost:34745/__cypress/runner/cypress_runner.js:165408:18)\n    at Promise._settlePromise0 (http://localhost:34745/__cypress/runner/cypress_runner.js:165453:10)\n    at Promise._settlePromises (http://localhost:34745/__cypress/runner/cypress_runner.js:165528:18)\n    at Async../node_modules/bluebird/js/release/async.js.Async._drainQueue (http://localhost:34745/__cypress/runner/cypress_runner.js:162140:16)\n    at Async../node_modules/bluebird/js/release/async.js.Async._drainQueues (http://localhost:34745/__cypress/runner/cypress_runner.js:162150:10)\n    at Async.drainQueues (http://localhost:34745/__cypress/runner/cypress_runner.js:162024:14)",
                "diff": null
              },
              "uuid": "ff9d77a9-e63f-44d5-bfa5-3899e422264a",
              "parentUUID": "f02782ac-ca4d-4095-8595-ccd8552b3e57",
              "isHook": false,
              "skipped": false
            },
            {
              "title": "Verifica se o botão está posicionado entre a paleta de cores e o quadro de pixels",
              "fullTitle": "9 - Crie um botão que, ao ser clicado, limpa o quadro preenchendo a cor de todos seus pixels com branco. Verifica se o botão está posicionado entre a paleta de cores e o quadro de pixels",
              "timedOut": null,
              "duration": 4716,
              "state": "failed",
              "speed": null,
              "pass": false,
              "fail": true,
              "pending": false,
              "context": null,
              "code": "cy.get('#color-palette').then(function (palette) {\n  cy.get('#clear-board').should('be.belowOf', palette);\n});\ncy.get('#clear-board').then(function (clearBtn) {\n  cy.get('#pixel-board').should('be.belowOf', clearBtn);\n});",
              "err": {
                "message": "CypressError: Timed out retrying: Expected to find element: '#clear-board', but never found it.",
                "estack": "CypressError: Timed out retrying: Expected to find element: '#clear-board', but never found it.\n    at cypressErr (http://localhost:34745/__cypress/runner/cypress_runner.js:149934:9)\n    at throwErr (http://localhost:34745/__cypress/runner/cypress_runner.js:149867:11)\n    at Object.throwErrByPath (http://localhost:34745/__cypress/runner/cypress_runner.js:149915:3)\n    at retry (http://localhost:34745/__cypress/runner/cypress_runner.js:144197:19)\n    at onFailFn (http://localhost:34745/__cypress/runner/cypress_runner.js:132448:16)\n    at tryCatcher (http://localhost:34745/__cypress/runner/cypress_runner.js:167415:23)\n    at Promise._settlePromiseFromHandler (http://localhost:34745/__cypress/runner/cypress_runner.js:165351:31)\n    at Promise._settlePromise (http://localhost:34745/__cypress/runner/cypress_runner.js:165408:18)\n    at Promise._settlePromise0 (http://localhost:34745/__cypress/runner/cypress_runner.js:165453:10)\n    at Promise._settlePromises (http://localhost:34745/__cypress/runner/cypress_runner.js:165528:18)\n    at Async../node_modules/bluebird/js/release/async.js.Async._drainQueue (http://localhost:34745/__cypress/runner/cypress_runner.js:162140:16)\n    at Async../node_modules/bluebird/js/release/async.js.Async._drainQueues (http://localhost:34745/__cypress/runner/cypress_runner.js:162150:10)\n    at Async.drainQueues (http://localhost:34745/__cypress/runner/cypress_runner.js:162024:14)",
                "diff": null
              },
              "uuid": "c58df6b1-844f-42c1-8d3e-cdf34323055f",
              "parentUUID": "f02782ac-ca4d-4095-8595-ccd8552b3e57",
              "isHook": false,
              "skipped": false
            },
            {
              "title": "Verifica se o texto do botão é 'Limpar'",
              "fullTitle": "9 - Crie um botão que, ao ser clicado, limpa o quadro preenchendo a cor de todos seus pixels com branco. Verifica se o texto do botão é 'Limpar'",
              "timedOut": null,
              "duration": 4727,
              "state": "failed",
              "speed": null,
              "pass": false,
              "fail": true,
              "pending": false,
              "context": null,
              "code": "cy.get('#clear-board').should('contain.text', 'Limpar');",
              "err": {
                "message": "CypressError: Timed out retrying: Expected to find element: '#clear-board', but never found it.",
                "estack": "CypressError: Timed out retrying: Expected to find element: '#clear-board', but never found it.\n    at cypressErr (http://localhost:34745/__cypress/runner/cypress_runner.js:149934:9)\n    at throwErr (http://localhost:34745/__cypress/runner/cypress_runner.js:149867:11)\n    at Object.throwErrByPath (http://localhost:34745/__cypress/runner/cypress_runner.js:149915:3)\n    at retry (http://localhost:34745/__cypress/runner/cypress_runner.js:144197:19)\n    at onFailFn (http://localhost:34745/__cypress/runner/cypress_runner.js:132448:16)\n    at tryCatcher (http://localhost:34745/__cypress/runner/cypress_runner.js:167415:23)\n    at Promise._settlePromiseFromHandler (http://localhost:34745/__cypress/runner/cypress_runner.js:165351:31)\n    at Promise._settlePromise (http://localhost:34745/__cypress/runner/cypress_runner.js:165408:18)\n    at Promise._settlePromise0 (http://localhost:34745/__cypress/runner/cypress_runner.js:165453:10)\n    at Promise._settlePromises (http://localhost:34745/__cypress/runner/cypress_runner.js:165528:18)\n    at Async../node_modules/bluebird/js/release/async.js.Async._drainQueue (http://localhost:34745/__cypress/runner/cypress_runner.js:162140:16)\n    at Async../node_modules/bluebird/js/release/async.js.Async._drainQueues (http://localhost:34745/__cypress/runner/cypress_runner.js:162150:10)\n    at Async.drainQueues (http://localhost:34745/__cypress/runner/cypress_runner.js:162024:14)",
                "diff": null
              },
              "uuid": "e2c96a80-5bd9-4b66-a0a8-25cfa7f62264",
              "parentUUID": "f02782ac-ca4d-4095-8595-ccd8552b3e57",
              "isHook": false,
              "skipped": false
            },
            {
              "title": "Verifica se ao clicar no botão, o quadro de pixels é totalmente preenchido de branco",
              "fullTitle": "9 - Crie um botão que, ao ser clicado, limpa o quadro preenchendo a cor de todos seus pixels com branco. Verifica se ao clicar no botão, o quadro de pixels é totalmente preenchido de branco",
              "timedOut": null,
              "duration": 6642,
              "state": "failed",
              "speed": null,
              "pass": false,
              "fail": true,
              "pending": false,
              "context": null,
              "code": "cy.get('.color').eq(1).then(function (color) {\n  var backgroundColor = color.css('background-color');\n  cy.wrap(color).click();\n  cy.get('.pixel').each(function (pixel) {\n    cy.wrap(pixel).click().should('have.css', 'background-color', backgroundColor);\n  });\n});\ncy.get('#clear-board').click();\ncy.get('.pixel').each(function (pixel) {\n  cy.wrap(pixel).should('have.css', 'background-color', WHITE);\n});",
              "err": {
                "message": "CypressError: Timed out retrying: cy.click() failed because this element is not visible:\n\n<spam class=\"pixel\"></spam>\n\nThis element '<spam.pixel>' is not visible because it has an effective width and height of: '0 x 0' pixels.\n\nFix this problem, or use {force: true} to disable error checking.\n\nhttps://on.cypress.io/element-cannot-be-interacted-with",
                "estack": "CypressError: Timed out retrying: cy.click() failed because this element is not visible:\n\n<spam class=\"pixel\"></spam>\n\nThis element '<spam.pixel>' is not visible because it has an effective width and height of: '0 x 0' pixels.\n\nFix this problem, or use {force: true} to disable error checking.\n\nhttps://on.cypress.io/element-cannot-be-interacted-with\n    at cypressErr (http://localhost:34745/__cypress/runner/cypress_runner.js:149934:9)\n    at throwErr (http://localhost:34745/__cypress/runner/cypress_runner.js:149867:11)\n    at Object.throwErrByPath (http://localhost:34745/__cypress/runner/cypress_runner.js:149915:3)\n    at Object.retry (http://localhost:34745/__cypress/runner/cypress_runner.js:144197:19)\n    at retryActionability (http://localhost:34745/__cypress/runner/cypress_runner.js:132052:19)\n    at tryCatcher (http://localhost:34745/__cypress/runner/cypress_runner.js:167415:23)\n    at Function.Promise.attempt.Promise.try (http://localhost:34745/__cypress/runner/cypress_runner.js:164690:29)\n    at tryFn (http://localhost:34745/__cypress/runner/cypress_runner.js:144661:21)\n    at whenStable (http://localhost:34745/__cypress/runner/cypress_runner.js:144696:12)\n    at http://localhost:34745/__cypress/runner/cypress_runner.js:144240:16\n    at tryCatcher (http://localhost:34745/__cypress/runner/cypress_runner.js:167415:23)\n    at Promise._settlePromiseFromHandler (http://localhost:34745/__cypress/runner/cypress_runner.js:165351:31)\n    at Promise._settlePromise (http://localhost:34745/__cypress/runner/cypress_runner.js:165408:18)\n    at Promise._settlePromise0 (http://localhost:34745/__cypress/runner/cypress_runner.js:165453:10)\n    at Promise._settlePromises (http://localhost:34745/__cypress/runner/cypress_runner.js:165532:18)\n    at Promise._fulfill (http://localhost:34745/__cypress/runner/cypress_runner.js:165477:18)",
                "diff": null
              },
              "uuid": "f7d0ea0a-f005-4f33-9187-ecc45202cafc",
              "parentUUID": "f02782ac-ca4d-4095-8595-ccd8552b3e57",
              "isHook": false,
              "skipped": false
            }
          ],
          "suites": [],
          "passes": [],
          "failures": [
            "ff9d77a9-e63f-44d5-bfa5-3899e422264a",
            "c58df6b1-844f-42c1-8d3e-cdf34323055f",
            "e2c96a80-5bd9-4b66-a0a8-25cfa7f62264",
            "f7d0ea0a-f005-4f33-9187-ecc45202cafc"
          ],
          "pending": [],
          "skipped": [],
          "duration": 20695,
          "root": false,
          "rootEmpty": false,
          "_timeout": 2000
        },
        {
          "uuid": "62a06619-b1ad-4237-880b-3ffc8b0d8095",
          "title": "10 - Faça o quadro de pixels ter seu tamanho definido pelo usuário.",
          "fullFile": "",
          "file": "",
          "beforeHooks": [],
          "afterHooks": [],
          "tests": [
            {
              "title": "Verifica se existe um input com o id `board-size`",
              "fullTitle": "10 - Faça o quadro de pixels ter seu tamanho definido pelo usuário. Verifica se existe um input com o id `board-size`",
              "timedOut": null,
              "duration": 4650,
              "state": "failed",
              "speed": null,
              "pass": false,
              "fail": true,
              "pending": false,
              "context": null,
              "code": "cy.get('#board-size').should('be.visible');",
              "err": {
                "message": "CypressError: Timed out retrying: Expected to find element: '#board-size', but never found it.",
                "estack": "CypressError: Timed out retrying: Expected to find element: '#board-size', but never found it.\n    at cypressErr (http://localhost:34745/__cypress/runner/cypress_runner.js:149934:9)\n    at throwErr (http://localhost:34745/__cypress/runner/cypress_runner.js:149867:11)\n    at Object.throwErrByPath (http://localhost:34745/__cypress/runner/cypress_runner.js:149915:3)\n    at retry (http://localhost:34745/__cypress/runner/cypress_runner.js:144197:19)\n    at onFailFn (http://localhost:34745/__cypress/runner/cypress_runner.js:132448:16)\n    at tryCatcher (http://localhost:34745/__cypress/runner/cypress_runner.js:167415:23)\n    at Promise._settlePromiseFromHandler (http://localhost:34745/__cypress/runner/cypress_runner.js:165351:31)\n    at Promise._settlePromise (http://localhost:34745/__cypress/runner/cypress_runner.js:165408:18)\n    at Promise._settlePromise0 (http://localhost:34745/__cypress/runner/cypress_runner.js:165453:10)\n    at Promise._settlePromises (http://localhost:34745/__cypress/runner/cypress_runner.js:165528:18)\n    at Async../node_modules/bluebird/js/release/async.js.Async._drainQueue (http://localhost:34745/__cypress/runner/cypress_runner.js:162140:16)\n    at Async../node_modules/bluebird/js/release/async.js.Async._drainQueues (http://localhost:34745/__cypress/runner/cypress_runner.js:162150:10)\n    at Async.drainQueues (http://localhost:34745/__cypress/runner/cypress_runner.js:162024:14)",
                "diff": null
              },
              "uuid": "7da1c1ba-e2a0-4279-99e6-321e5647d17b",
[...]
                "diff": null
              },
              "uuid": "84ceb2c9-335f-45c7-929d-211aad1bb17e",
              "parentUUID": "62a06619-b1ad-4237-880b-3ffc8b0d8095",
              "isHook": false,
              "skipped": false
            },
            {
              "title": "Verifica se o novo quadro tem todos os pixels preenchidos com a cor branca",
              "fullTitle": "10 - Faça o quadro de pixels ter seu tamanho definido pelo usuário. Verifica se o novo quadro tem todos os pixels preenchidos com a cor branca",
              "timedOut": null,
              "duration": 4719,
              "state": "failed",
              "speed": null,
              "pass": false,
              "fail": true,
              "pending": false,
              "context": null,
              "code": "cy.get('#board-size').clear().type(6);\ncy.get('#generate-board').click();\ncy.get('.pixel').should('have.length', 36).each(function (pixel) {\n  expect(pixel).to.have.css('background-color', WHITE);\n});",
              "err": {
                "message": "CypressError: Timed out retrying: Expected to find element: '#board-size', but never found it.",
                "estack": "CypressError: Timed out retrying: Expected to find element: '#board-size', but never found it.\n    at cypressErr (http://localhost:34745/__cypress/runner/cypress_runner.js:149934:9)\n    at throwErr (http://localhost:34745/__cypress/runner/cypress_runner.js:149867:11)\n    at Object.throwErrByPath (http://localhost:34745/__cypress/runner/cypress_runner.js:149915:3)\n    at retry (http://localhost:34745/__cypress/runner/cypress_runner.js:144197:19)\n    at onFailFn (http://localhost:34745/__cypress/runner/cypress_runner.js:132448:16)\n    at tryCatcher (http://localhost:34745/__cypress/runner/cypress_runner.js:167415:23)\n    at Promise._settlePromiseFromHandler (http://localhost:34745/__cypress/runner/cypress_runner.js:165351:31)\n    at Promise._settlePromise (http://localhost:34745/__cypress/runner/cypress_runner.js:165408:18)\n    at Promise._settlePromise0 (http://localhost:34745/__cypress/runner/cypress_runner.js:165453:10)\n    at Promise._settlePromises (http://localhost:34745/__cypress/runner/cypress_runner.js:165528:18)\n    at Async../node_modules/bluebird/js/release/async.js.Async._drainQueue (http://localhost:34745/__cypress/runner/cypress_runner.js:162140:16)\n    at Async../node_modules/bluebird/js/release/async.js.Async._drainQueues (http://localhost:34745/__cypress/runner/cypress_runner.js:162150:10)\n    at Async.drainQueues (http://localhost:34745/__cypress/runner/cypress_runner.js:162024:14)",
                "diff": null
              },
              "uuid": "77db120d-0aa2-43d7-a4b3-83d3f4851c51",
              "parentUUID": "62a06619-b1ad-4237-880b-3ffc8b0d8095",
              "isHook": false,
              "skipped": false
            }
          ],
          "suites": [],
          "passes": [],
          "failures": [
            "7da1c1ba-e2a0-4279-99e6-321e5647d17b",
            "fcb39d05-345b-493d-9e4b-75b0799ad280",
            "160bc03b-cbb3-4dda-ac89-cbd33335c6be",
            "031e12e0-7c1f-491d-a29f-65204fcd5c88",
            "7cea8eb9-8caf-4a33-94a3-836b397463d7",
            "4b876f31-5e77-4d3b-b417-2ea7e4f2cf42",
            "19c8785c-6d80-4eb7-a2d7-273eb927591d",
            "84ceb2c9-335f-45c7-929d-211aad1bb17e",
            "77db120d-0aa2-43d7-a4b3-83d3f4851c51"
          ],
          "pending": [],
          "skipped": [],
          "duration": 42208,
          "root": false,
          "rootEmpty": false,
          "_timeout": 2000
        },
        {
          "uuid": "c592b86a-42a2-4ce1-a4be-230ac5776700",
          "title": "11 - Limite o tamanho mínimo e máximo do board.",
          "fullFile": "",
          "file": "",
          "beforeHooks": [],
          "afterHooks": [],
          "tests": [
            {
              "title": "Verifica se a altura máxima do board é 50",
              "fullTitle": "11 - Limite o tamanho mínimo e máximo do board. Verifica se a altura máxima do board é 50",
              "timedOut": null,
              "duration": 5987,
              "state": "failed",
              "speed": null,
              "pass": false,
              "fail": true,
              "pending": false,
              "context": null,
              "code": "cy.get('#board-size').clear().type(50);\ncy.get('#generate-board').click();\ncy.get('.pixel').should('have.length', 2500);",
              "err": {
                "message": "CypressError: Timed out retrying: Expected to find element: '#board-size', but never found it.",
                "estack": "CypressError: Timed out retrying: Expected to find element: '#board-size', but never found it.\n    at cypressErr (http://localhost:34745/__cypress/runner/cypress_runner.js:149934:9)\n    at throwErr (http://localhost:34745/__cypress/runner/cypress_runner.js:149867:11)\n    at Object.throwErrByPath (http://localhost:34745/__cypress/runner/cypress_runner.js:149915:3)\n    at retry (http://localhost:34745/__cypress/runner/cypress_runner.js:144197:19)\n    at onFailFn (http://localhost:34745/__cypress/runner/cypress_runner.js:132448:16)\n    at tryCatcher (http://localhost:34745/__cypress/runner/cypress_runner.js:167415:23)\n    at Promise._settlePromiseFromHandler (http://localhost:34745/__cypress/runner/cypress_runner.js:165351:31)\n    at Promise._settlePromise (http://localhost:34745/__cypress/runner/cypress_runner.js:165408:18)\n    at Promise._settlePromise0 (http://localhost:34745/__cypress/runner/cypress_runner.js:165453:10)\n    at Promise._settlePromises (http://localhost:34745/__cypress/runner/cypress_runner.js:165528:18)\n    at Async../node_modules/bluebird/js/release/async.js.Async._drainQueue (http://localhost:34745/__cypress/runner/cypress_runner.js:162140:16)\n    at Async../node_modules/bluebird/js/release/async.js.Async._drainQueues (http://localhost:34745/__cypress/runner/cypress_runner.js:162150:10)\n    at Async.drainQueues (http://localhost:34745/__cypress/runner/cypress_runner.js:162024:14)",
                "diff": null
              },
              "uuid": "4663b1b1-aace-4731-aad7-82785c866dc9",
              "parentUUID": "c592b86a-42a2-4ce1-a4be-230ac5776700",
              "isHook": false,
              "skipped": false
            },
            {
              "title": "Verifica se a altura do board é 5 quando um valor menor é colocado no input",
              "fullTitle": "11 - Limite o tamanho mínimo e máximo do board. Verifica se a altura do board é 5 quando um valor menor é colocado no input",
              "timedOut": null,
              "duration": 4607,
              "state": "failed",
              "speed": null,
              "pass": false,
              "fail": true,
              "pending": false,
              "context": null,
              "code": "cy.get('#board-size').clear().type(4);\ncy.get('#generate-board').click();\ncy.get('.pixel').should('have.length', 25);",
              "err": {
                "message": "CypressError: Timed out retrying: Expected to find element: '#board-size', but never found it.",
                "estack": "CypressError: Timed out retrying: Expected to find element: '#board-size', but never found it.\n    at cypressErr (http://localhost:34745/__cypress/runner/cypress_runner.js:149934:9)\n    at throwErr (http://localhost:34745/__cypress/runner/cypress_runner.js:149867:11)\n    at Object.throwErrByPath (http://localhost:34745/__cypress/runner/cypress_runner.js:149915:3)\n    at retry (http://localhost:34745/__cypress/runner/cypress_runner.js:144197:19)\n    at onFailFn (http://localhost:34745/__cypress/runner/cypress_runner.js:132448:16)\n    at tryCatcher (http://localhost:34745/__cypress/runner/cypress_runner.js:167415:23)\n    at Promise._settlePromiseFromHandler (http://localhost:34745/__cypress/runner/cypress_runner.js:165351:31)\n    at Promise._settlePromise (http://localhost:34745/__cypress/runner/cypress_runner.js:165408:18)\n    at Promise._settlePromise0 (http://localhost:34745/__cypress/runner/cypress_runner.js:165453:10)\n    at Promise._settlePromises (http://localhost:34745/__cypress/runner/cypress_runner.js:165528:18)\n    at Async../node_modules/bluebird/js/release/async.js.Async._drainQueue (http://localhost:34745/__cypress/runner/cypress_runner.js:162140:16)\n    at Async../node_modules/bluebird/js/release/async.js.Async._drainQueues (http://localhost:34745/__cypress/runner/cypress_runner.js:162150:10)\n    at Async.drainQueues (http://localhost:34745/__cypress/runner/cypress_runner.js:162024:14)",
                "diff": null
              },
              "uuid": "4c02674e-50c0-4ca9-a388-ba8032a110fa",
              "parentUUID": "c592b86a-42a2-4ce1-a4be-230ac5776700",
              "isHook": false,
              "skipped": false
            },
            {
              "title": "Verifica se a altura do board é 50 quando um valor maior é colocado no input",
              "fullTitle": "11 - Limite o tamanho mínimo e máximo do board. Verifica se a altura do board é 50 quando um valor maior é colocado no input",
              "timedOut": null,
              "duration": 4672,
              "state": "failed",
              "speed": null,
              "pass": false,
              "fail": true,
              "pending": false,
              "context": null,
              "code": "cy.get('#board-size').clear().type(51);\ncy.get('#generate-board').click();\ncy.get('.pixel').should('have.length', 2500);",
              "err": {
                "message": "CypressError: Timed out retrying: Expected to find element: '#board-size', but never found it.",
                "estack": "CypressError: Timed out retrying: Expected to find element: '#board-size', but never found it.\n    at cypressErr (http://localhost:34745/__cypress/runner/cypress_runner.js:149934:9)\n    at throwErr (http://localhost:34745/__cypress/runner/cypress_runner.js:149867:11)\n    at Object.throwErrByPath (http://localhost:34745/__cypress/runner/cypress_runner.js:149915:3)\n    at retry (http://localhost:34745/__cypress/runner/cypress_runner.js:144197:19)\n    at onFailFn (http://localhost:34745/__cypress/runner/cypress_runner.js:132448:16)\n    at tryCatcher (http://localhost:34745/__cypress/runner/cypress_runner.js:167415:23)\n    at Promise._settlePromiseFromHandler (http://localhost:34745/__cypress/runner/cypress_runner.js:165351:31)\n    at Promise._settlePromise (http://localhost:34745/__cypress/runner/cypress_runner.js:165408:18)\n    at Promise._settlePromise0 (http://localhost:34745/__cypress/runner/cypress_runner.js:165453:10)\n    at Promise._settlePromises (http://localhost:34745/__cypress/runner/cypress_runner.js:165528:18)\n    at Async../node_modules/bluebird/js/release/async.js.Async._drainQueue (http://localhost:34745/__cypress/runner/cypress_runner.js:162140:16)\n    at Async../node_modules/bluebird/js/release/async.js.Async._drainQueues (http://localhost:34745/__cypress/runner/cypress_runner.js:162150:10)\n    at Async.drainQueues (http://localhost:34745/__cypress/runner/cypress_runner.js:162024:14)",
                "diff": null
              },
              "uuid": "60096d8b-bc44-4572-8eb6-49016b5968fd",
              "parentUUID": "c592b86a-42a2-4ce1-a4be-230ac5776700",
              "isHook": false,
              "skipped": false
            }
          ],
          "suites": [],
          "passes": [],
          "failures": [
            "4663b1b1-aace-4731-aad7-82785c866dc9",
            "4c02674e-50c0-4ca9-a388-ba8032a110fa",
            "60096d8b-bc44-4572-8eb6-49016b5968fd"
          ],
          "pending": [],
          "skipped": [],
          "duration": 15266,
          "root": false,
          "rootEmpty": false,
          "_timeout": 2000
        },
        {
          "uuid": "9eb0db22-69ed-49b3-92a3-a3b4983e1d62",
          "title": "12 - Faça com que as cores da paleta sejam geradas aleatoriamente ao carregar a página.",
          "fullFile": "",
          "file": "",
          "beforeHooks": [],
          "afterHooks": [],
          "tests": [
            {
              "title": "Verifica se as cores geradas na paleta são diferentes a cada carregamento da página",
              "fullTitle": "12 - Faça com que as cores da paleta sejam geradas aleatoriamente ao carregar a página. Verifica se as cores geradas na paleta são diferentes a cada carregamento da página",
              "timedOut": null,
              "duration": 1082,
              "state": "failed",
              "speed": null,
              "pass": false,
              "fail": true,
              "pending": false,
              "context": null,
              "code": "cy.get('.color').then(function (colors) {\n  var currentColors;\n  var previousColors;\n  previousColors = Array.from(colors).map(function (color) {\n    return Cypress.$(color).css('background-color');\n  });\n  for (var i = 0; i < 5; i += 1) {\n    cy.reload();\n    cy.get('.color').then(function (colors) {\n      currentColors = Array.from(colors).map(function (color) {\n        return Cypress.$(color).css('background-color');\n      });\n      expect(currentColors).not.to.deep.equal(previousColors);\n      previousColors = currentColors;\n    });\n  }\n});",
              "err": {
                "message": "AssertionError: expected [ Array(4) ] to not deeply equal [ Array(4) ]",
                "estack": "AssertionError: expected [ Array(4) ] to not deeply equal [ Array(4) ]\n    at getRet (http://localhost:34745/__cypress/runner/cypress_runner.js:136585:16)\n    at tryCatcher (http://localhost:34745/__cypress/runner/cypress_runner.js:167415:23)\n    at Function.Promise.attempt.Promise.try (http://localhost:34745/__cypress/runner/cypress_runner.js:164690:29)\n    at Context.thenFn (http://localhost:34745/__cypress/runner/cypress_runner.js:136599:23)\n    at Context.then (http://localhost:34745/__cypress/runner/cypress_runner.js:136971:21)\n    at Context.<anonymous> (http://localhost:34745/__cypress/runner/cypress_runner.js:148875:21)\n    at http://localhost:34745/__cypress/runner/cypress_runner.js:148351:33\n    at tryCatcher (http://localhost:34745/__cypress/runner/cypress_runner.js:167415:23)\n    at Promise._settlePromiseFromHandler (http://localhost:34745/__cypress/runner/cypress_runner.js:165351:31)\n    at Promise._settlePromise (http://localhost:34745/__cypress/runner/cypress_runner.js:165408:18)\n    at Promise._settlePromiseCtx (http://localhost:34745/__cypress/runner/cypress_runner.js:165445:10)\n    at Async../node_modules/bluebird/js/release/async.js.Async._drainQueue (http://localhost:34745/__cypress/runner/cypress_runner.js:162145:12)\n    at Async../node_modules/bluebird/js/release/async.js.Async._drainQueues (http://localhost:34745/__cypress/runner/cypress_runner.js:162150:10)\n    at Async.drainQueues (http://localhost:34745/__cypress/runner/cypress_runner.js:162024:14)",
                "diff": ""
              },
              "uuid": "bad4fcc4-8822-4d01-83d1-63fb52b57080",
              "parentUUID": "9eb0db22-69ed-49b3-92a3-a3b4983e1d62",
              "isHook": false,
              "skipped": false
            },
            {
              "title": "Verifica se a cor preta ainda está presente e é a primeira na sua paleta de cores",
              "fullTitle": "12 - Faça com que as cores da paleta sejam geradas aleatoriamente ao carregar a página. Verifica se a cor preta ainda está presente e é a primeira na sua paleta de cores",
              "timedOut": null,
              "duration": 992,
              "state": "failed",
              "speed": null,
              "pass": false,
              "fail": true,
              "pending": false,
              "context": null,
              "code": "cy.get('.color').then(function (colors) {\n  var currentColors;\n  var previousColors;\n  previousColors = Array.from(colors).map(function (color) {\n    return Cypress.$(color).css('background-color');\n  });\n  expect(previousColors[0]).to.eq(BLACK);\n  for (var i = 0; i < 5; i += 1) {\n    cy.reload();\n    cy.get('.color').then(function (colors) {\n      currentColors = Array.from(colors).map(function (color) {\n        return Cypress.$(color).css('background-color');\n      });\n      expect(currentColors[0]).to.eq(BLACK);\n      expect(currentColors).not.to.deep.equal(previousColors);\n      previousColors = currentColors;\n    });\n  }\n});",
              "err": {
                "message": "AssertionError: expected [ Array(4) ] to not deeply equal [ Array(4) ]",
                "estack": "AssertionError: expected [ Array(4) ] to not deeply equal [ Array(4) ]\n    at getRet (http://localhost:34745/__cypress/runner/cypress_runner.js:136585:16)\n    at tryCatcher (http://localhost:34745/__cypress/runner/cypress_runner.js:167415:23)\n    at Function.Promise.attempt.Promise.try (http://localhost:34745/__cypress/runner/cypress_runner.js:164690:29)\n    at Context.thenFn (http://localhost:34745/__cypress/runner/cypress_runner.js:136599:23)\n    at Context.then (http://localhost:34745/__cypress/runner/cypress_runner.js:136971:21)\n    at Context.<anonymous> (http://localhost:34745/__cypress/runner/cypress_runner.js:148875:21)\n    at http://localhost:34745/__cypress/runner/cypress_runner.js:148351:33\n    at tryCatcher (http://localhost:34745/__cypress/runner/cypress_runner.js:167415:23)\n    at Promise._settlePromiseFromHandler (http://localhost:34745/__cypress/runner/cypress_runner.js:165351:31)\n    at Promise._settlePromise (http://localhost:34745/__cypress/runner/cypress_runner.js:165408:18)\n    at Promise._settlePromiseCtx (http://localhost:34745/__cypress/runner/cypress_runner.js:165445:10)\n    at Async../node_modules/bluebird/js/release/async.js.Async._drainQueue (http://localhost:34745/__cypress/runner/cypress_runner.js:162145:12)\n    at Async../node_modules/bluebird/js/release/async.js.Async._drainQueues (http://localhost:34745/__cypress/runner/cypress_runner.js:162150:10)\n    at Async.drainQueues (http://localhost:34745/__cypress/runner/cypress_runner.js:162024:14)",
                "diff": ""
              },
              "uuid": "f3cd4f97-aaf1-41db-adde-2dc5a1400a6b",
              "parentUUID": "9eb0db22-69ed-49b3-92a3-a3b4983e1d62",
              "isHook": false,
              "skipped": false
            }
          ],
          "suites": [],
          "passes": [],
          "failures": [
            "bad4fcc4-8822-4d01-83d1-63fb52b57080",
            "f3cd4f97-aaf1-41db-adde-2dc5a1400a6b"
          ],
          "pending": [],
          "skipped": [],
          "duration": 2074,
          "root": false,
          "rootEmpty": false,
          "_timeout": 2000
        }
      ],
      "passes": [],
      "failures": [],
      "pending": [],
      "skipped": [],
      "duration": 0,
      "root": true,
      "rootEmpty": true,
      "_timeout": 2000
    }
  ],
  "meta": {
    "mocha": {
      "version": "7.0.1"
    },
    "mochawesome": {
      "options": {
        "quiet": false,
        "reportFilename": "mochawesome",
        "saveHtml": false,
        "saveJson": true,
        "consoleReporter": "spec",
        "useInlineDiffs": false
      },
      "version": "4.1.0"
    },
    "marge": {
      "options": {
        "id": "default",
        "reportDir": "cypress/reports",
        "overwrite": true,
        "html": false,
        "json": true
      },
      "version": "4.1.0"
    }
  }
}